Change Component Designator: Old Designator=C1 New Designator=C36
Change Component Designator: Old Designator=C2 New Designator=C37
Change Component Designator: Old Designator=C3 New Designator=C44
Change Component Designator: Old Designator=C4 New Designator=C50
Change Component Designator: Old Designator=C5 New Designator=C53
Change Component Designator: Old Designator=C6 New Designator=C45
Change Component Designator: Old Designator=C7 New Designator=C40
Change Component Designator: Old Designator=C8 New Designator=C41
Change Component Designator: Old Designator=C9 New Designator=C46
Change Component Designator: Old Designator=C10 New Designator=C57
Change Component Designator: Old Designator=C11 New Designator=C56
Change Component Designator: Old Designator=C12 New Designator=C42
Change Component Designator: Old Designator=C13 New Designator=C43
Change Component Designator: Old Designator=C14 New Designator=C55
Change Component Designator: Old Designator=C15 New Designator=C54
Change Component Designator: Old Designator=C16 New Designator=C48
Change Component Designator: Old Designator=C17 New Designator=C47
Change Component Designator: Old Designator=C18 New Designator=C49
Change Component Designator: Old Designator=C19 New Designator=C38
Change Component Designator: Old Designator=C20 New Designator=C39
Change Component Designator: Old Designator=C21 New Designator=C52
Change Component Designator: Old Designator=C22 New Designator=C51
Change Component Designator: Old Designator=C23 New Designator=C60
Change Component Designator: Old Designator=C24 New Designator=C63
Change Component Designator: Old Designator=C25 New Designator=C67
Change Component Designator: Old Designator=C26 New Designator=C69
Change Component Designator: Old Designator=C27 New Designator=C62
Change Component Designator: Old Designator=C28 New Designator=C61
Change Component Designator: Old Designator=C29 New Designator=C71
Change Component Designator: Old Designator=C30 New Designator=C68
Change Component Designator: Old Designator=C31 New Designator=C70
Change Component Designator: Old Designator=C32 New Designator=C64
Change Component Designator: Old Designator=C34 New Designator=C66
Change Component Designator: Old Designator=C35 New Designator=C65
Change Component Designator: Old Designator=C36 New Designator=C59
Change Component Designator: Old Designator=C37 New Designator=C58
Change Component Designator: Old Designator=D1 New Designator=D4
Change Component Designator: Old Designator=D2 New Designator=D5
Change Component Designator: Old Designator=D3 New Designator=D6
Change Component Designator: Old Designator=DS1 New Designator=DS3
Change Component Designator: Old Designator=DS2 New Designator=DS4
Change Component Designator: Old Designator=LED1 New Designator=LED3
Change Component Designator: Old Designator=LED2 New Designator=LED4
Change Component Designator: Old Designator=P1 New Designator=P2
Change Component Designator: Old Designator=R1 New Designator=R24
Change Component Designator: Old Designator=R2 New Designator=R27
Change Component Designator: Old Designator=R3 New Designator=R29
Change Component Designator: Old Designator=R5 New Designator=R30
Change Component Designator: Old Designator=R6 New Designator=R22
Change Component Designator: Old Designator=R7 New Designator=R31
Change Component Designator: Old Designator=R8 New Designator=R32
Change Component Designator: Old Designator=R9 New Designator=R28
Change Component Designator: Old Designator=R10 New Designator=R23
Change Component Designator: Old Designator=R11 New Designator=R25
Change Component Designator: Old Designator=R13 New Designator=R34
Change Component Designator: Old Designator=R14 New Designator=R39
Change Component Designator: Old Designator=R15 New Designator=R40
Change Component Designator: Old Designator=R16 New Designator=R38
Change Component Designator: Old Designator=R17 New Designator=R36
Change Component Designator: Old Designator=R18 New Designator=R37
Change Component Designator: Old Designator=R19 New Designator=R35
Change Component Designator: Old Designator=R20 New Designator=R41
Change Component Designator: Old Designator=R? New Designator=R21
Change Component Designator: Old Designator=R? New Designator=R26
Change Component Designator: Old Designator=R? New Designator=R33
Change Component Designator: Old Designator=SW1 New Designator=SW2
Change Component Designator: Old Designator=U1 New Designator=U12
Change Component Designator: Old Designator=U2 New Designator=U14
Change Component Designator: Old Designator=U3 New Designator=U11
Change Component Designator: Old Designator=U4 New Designator=U9
Change Component Designator: Old Designator=U5 New Designator=U10
Change Component Designator: Old Designator=U6 New Designator=U8
Change Component Designator: Old Designator=U7 New Designator=U13
