Removed Member From Class: ClassName=C3_Nets Member=+12V
Removed Member From Class: ClassName=C4_Nets Member=+12V
Removed Member From Class: ClassName=C5_Nets Member=+12V
Removed Member From Class: ClassName=C6_Nets Member=+12V
Removed Member From Class: ClassName=C8_Nets Member=+12V
Removed Member From Class: ClassName=C31_Nets Member=+12V
Removed Member From Class: ClassName=DS1_Nets Member=+12V
Removed Member From Class: ClassName=U3_Nets Member=+12V
Removed Member From Class: ClassName=C12_Nets Member=-12V
Removed Member From Class: ClassName=C15_Nets Member=-12V
Removed Member From Class: ClassName=C18_Nets Member=-12V
Removed Member From Class: ClassName=C19_Nets Member=-12V
Removed Member From Class: ClassName=C20_Nets Member=-12V
Removed Member From Class: ClassName=DS2_Nets Member=-12V
Removed Member From Class: ClassName=U1_Nets Member=-12V
Removed Member From Class: ClassName=C2_Nets Member=GND
Removed Member From Class: ClassName=C22_Nets Member=GND
Removed Member From Class: ClassName=C27_Nets Member=GND
Removed Member From Class: ClassName=C31_Nets Member=GND
Removed Member From Class: ClassName=C35_Nets Member=GND
Removed Member From Class: ClassName=R7_Nets Member=GND
Removed Member From Class: ClassName=R16_Nets Member=GND
Removed Member From Class: ClassName=R21_Nets Member=GND
Removed Member From Class: ClassName=U6_Nets Member=GND
Removed Member From Class: ClassName=R4_Nets Member=NetC1_1
Removed Member From Class: ClassName=U4_Nets Member=NetC1_1
Removed Member From Class: ClassName=R4_Nets Member=NetC1_2
Removed Member From Class: ClassName=U4_Nets Member=NetC1_2
Removed Member From Class: ClassName=R10_Nets Member=NetC10_2
Removed Member From Class: ClassName=R9_Nets Member=NetC11_1
Removed Member From Class: ClassName=U3_Nets Member=NetC11_1
Removed Member From Class: ClassName=R10_Nets Member=NetC13_1
Removed Member From Class: ClassName=R11_Nets Member=NetC13_1
Removed Member From Class: ClassName=R2_Nets Member=NetC13_2
Removed Member From Class: ClassName=R8_Nets Member=NetC13_2
Removed Member From Class: ClassName=C14_Nets Member=NetC14_1
Removed Member From Class: ClassName=R8_Nets Member=NetC14_1
Removed Member From Class: ClassName=R9_Nets Member=NetC14_1
Removed Member From Class: ClassName=C14_Nets Member=NetC14_2
Removed Member From Class: ClassName=R3_Nets Member=NetC14_2
Removed Member From Class: ClassName=R6_Nets Member=NetC14_2
Removed Member From Class: ClassName=U3_Nets Member=NetC14_2
Removed Member From Class: ClassName=C22_Nets Member=NetC22_1
Removed Member From Class: ClassName=R11_Nets Member=NetC22_1
Removed Member From Class: ClassName=C23_Nets Member=NetC23_1
Removed Member From Class: ClassName=U6_Nets Member=NetC24_1
Removed Member From Class: ClassName=R14_Nets Member=NetC24_2
Removed Member From Class: ClassName=C27_Nets Member=NetC27_2
Removed Member From Class: ClassName=U6_Nets Member=NetC27_2
Removed Member From Class: ClassName=C28_Nets Member=NetC28_1
Removed Member From Class: ClassName=C29_Nets Member=NetC28_1
Removed Member From Class: ClassName=C32_Nets Member=NetC28_1
Removed Member From Class: ClassName=C33_Nets Member=NetC28_1
Removed Member From Class: ClassName=C34_Nets Member=NetC28_1
Removed Member From Class: ClassName=R17_Nets Member=NetC28_1
Removed Member From Class: ClassName=U6_Nets Member=NetC28_1
Removed Member From Class: ClassName=C29_Nets Member=NetC29_2
Removed Member From Class: ClassName=C30_Nets Member=NetC29_2
Removed Member From Class: ClassName=R19_Nets Member=NetC29_2
Removed Member From Class: ClassName=C32_Nets Member=NetC32_1
Removed Member From Class: ClassName=C33_Nets Member=NetC32_1
Removed Member From Class: ClassName=C34_Nets Member=NetC32_1
Removed Member From Class: ClassName=C35_Nets Member=NetC35_1
Removed Member From Class: ClassName=D3_Nets Member=NetC35_1
Removed Member From Class: ClassName=U7_Nets Member=NetC35_1
Removed Member From Class: ClassName=DS1_Nets Member=NetDS1_2
Removed Member From Class: ClassName=R16_Nets Member=NetDS1_2
Removed Member From Class: ClassName=DS2_Nets Member=NetDS2_1
Removed Member From Class: ClassName=R21_Nets Member=NetDS2_1
Removed Member From Class: ClassName=R6_Nets Member=NetR1_1
Removed Member From Class: ClassName=U1_Nets Member=NetR1_1
Removed Member From Class: ClassName=SW1_Nets Member=NetR1_2
Removed Member From Class: ClassName=R2_Nets Member=NetR2_1
Removed Member From Class: ClassName=R7_Nets Member=NetR2_1
Removed Member From Class: ClassName=R3_Nets Member=NetR3_1
Removed Member From Class: ClassName=R5_Nets Member=NetR3_1
Removed Member From Class: ClassName=U3_Nets Member=NetR3_1
Removed Member From Class: ClassName=SW1_Nets Member=NetR13_2
Removed Member From Class: ClassName=R14_Nets Member=NetR14_1
Removed Member From Class: ClassName=U6_Nets Member=NetR14_1
Removed Member From Class: ClassName=R18_Nets Member=NetR18_2
Removed Member From Class: ClassName=U6_Nets Member=NetR18_2
Change Net Name : Old Net Name=NetC1_1 New Net Name=NetC11_1
Change Net Name : Old Net Name=NetC1_2 New Net Name=NetC11_2
Change Net Name : Old Net Name=NetC10_2 New Net Name=NetC22_2
Change Net Name : Old Net Name=NetC11_1 New Net Name=NetC12_1
Change Net Name : Old Net Name=NetC13_1 New Net Name=NetC2_1
Change Net Name : Old Net Name=NetC13_2 New Net Name=NetC2_2
Change Net Name : Old Net Name=NetC14_1 New Net Name=NetC1_1
Change Net Name : Old Net Name=NetC14_2 New Net Name=NetC1_2
Change Net Name : Old Net Name=NetC22_1 New Net Name=NetC18_1
Change Net Name : Old Net Name=NetC23_1 New Net Name=NetC26_1
Change Net Name : Old Net Name=NetC24_1 New Net Name=NetC33_1
Change Net Name : Old Net Name=NetC24_2 New Net Name=NetC33_2
Change Net Name : Old Net Name=NetC27_2 New Net Name=NetC23_2
Change Net Name : Old Net Name=NetC28_1 New Net Name=NetC29_1
Change Net Name : Old Net Name=NetC29_1 New Net Name=NetC24_1
Change Net Name : Old Net Name=NetC29_2 New Net Name=NetC24_2
Change Net Name : Old Net Name=NetC32_1 New Net Name=NetC27_1
Change Net Name : Old Net Name=NetC35_1 New Net Name=NetC30_1
Change Net Name : Old Net Name=NetDS1_2 New Net Name=NetDS2_2
Change Net Name : Old Net Name=NetDS2_1 New Net Name=NetDS1_1
Change Net Name : Old Net Name=NetR1_1 New Net Name=NetR5_1
Change Net Name : Old Net Name=NetR1_2 New Net Name=NetR5_2
Change Net Name : Old Net Name=NetR2_1 New Net Name=NetR11_2
Change Net Name : Old Net Name=NetR3_1 New Net Name=NetR4_2
Change Net Name : Old Net Name=NetR13_2 New Net Name=NetR17_2
Change Net Name : Old Net Name=NetR14_1 New Net Name=NetR9_1
Change Net Name : Old Net Name=NetR17_2 New Net Name=NetR10_2
Change Net Name : Old Net Name=NetR18_2 New Net Name=NetR1_2
Change Class Name : Old Net Name=C11_Nets New Net Name=D1_Nets
Change Class Name : Old Net Name=C16_Nets New Net Name=C13_Nets
Change Class Name : Old Net Name=R12_Nets New Net Name=C10_Nets
Change Class Name : Old Net Name=R15_Nets New Net Name=R13_Nets
Change Class Name : Old Net Name=R20_Nets New Net Name=R12_Nets
Change Class Name : Old Net Name=U1_Nets New Net Name=U5_Nets
Change Class Name : Old Net Name=U5_Nets New Net Name=U2_Nets
Added Class: Name=C11_Nets
Added Class: Name=C16_Nets
Added Class: Name=R15_Nets
Added Class: Name=R20_Nets
Added Class: Name=U1_Nets
Added Member To Class: ClassName=Receiver_Design_PCB Member=Component C2 100p
Added Member To Class: ClassName=Receiver_Design_PCB Member=Component C3 0.1n
Added Member To Class: ClassName=Receiver_Design_PCB Member=Component C5 0.1n
Added Member To Class: ClassName=Receiver_Design_PCB Member=Component C6 0.1n
Added Member To Class: ClassName=Receiver_Design_PCB Member=Component C7 0.1n
Added Member To Class: ClassName=Receiver_Design_PCB Member=Component C8 2.2u
Added Member To Class: ClassName=Receiver_Design_PCB Member=Component C11 8p
Added Member To Class: ClassName=Receiver_Design_PCB Member=Component C14 0.1n
Added Member To Class: ClassName=Receiver_Design_PCB Member=Component C16 0.1n
Added Member To Class: ClassName=Receiver_Design_PCB Member=Component C18 100p
Added Member To Class: ClassName=Receiver_Design_PCB Member=Component C20 0.1n
Added Member To Class: ClassName=Receiver_Design_PCB Member=Component C23 10u
Added Member To Class: ClassName=Receiver_Design_PCB Member=Component C24 47n
Added Member To Class: ClassName=Receiver_Design_PCB Member=Component C25 0.33u
Added Member To Class: ClassName=Receiver_Design_PCB Member=Component C26 22p
Added Member To Class: ClassName=Receiver_Design_PCB Member=Component C27 100uF
Added Member To Class: ClassName=Receiver_Design_PCB Member=Component C34 0.1u
Added Member To Class: ClassName=Receiver_Design_PCB Member=Component C35 47uF
Added Member To Class: ClassName=Receiver_Design_PCB Member=Component DS2 HLMP-4740
Added Member To Class: ClassName=Receiver_Design_PCB Member=Component R2 3k3
Added Member To Class: ClassName=Receiver_Design_PCB Member=Component R5 3362P-1-104LF-100k
Added Member To Class: ClassName=Receiver_Design_PCB Member=Component R6 270
Added Member To Class: ClassName=Receiver_Design_PCB Member=Component R7 270
Added Member To Class: ClassName=Receiver_Design_PCB Member=Component R11 2.2k
Added Member To Class: ClassName=Receiver_Design_PCB Member=Component R13 2k2
Added Member To Class: ClassName=Receiver_Design_PCB Member=Component R14 33K
Added Member To Class: ClassName=Receiver_Design_PCB Member=Component R16 270
Added Member To Class: ClassName=Receiver_Design_PCB Member=Component R18 4k7
Added Member To Class: ClassName=Receiver_Design_PCB Member=Component R20 1k
Added Member To Class: ClassName=Receiver_Design_PCB Member=Component U1 LM79L12ACZ
Added Member To Class: ClassName=Receiver_Design_PCB Member=Component U2 LM78L12ACZ
Added Member To Class: ClassName=Receiver_Design_PCB Member=Component U3 LM6171
Added Member To Class: ClassName=Receiver_Design_PCB Member=Component U4 LM6171
Added Member To Class: ClassName=C14_Nets Member=Wire +12V
Added Member To Class: ClassName=C15_Nets Member=Wire +12V
Added Member To Class: ClassName=C20_Nets Member=Wire +12V
Added Member To Class: ClassName=C28_Nets Member=Wire +12V
Added Member To Class: ClassName=C32_Nets Member=Wire +12V
Added Member To Class: ClassName=DS2_Nets Member=Wire +12V
Added Member To Class: ClassName=U7_Nets Member=Wire +12V
Added Member To Class: ClassName=C3_Nets Member=Wire -12V
Added Member To Class: ClassName=C4_Nets Member=Wire -12V
Added Member To Class: ClassName=C5_Nets Member=Wire -12V
Added Member To Class: ClassName=C6_Nets Member=Wire -12V
Added Member To Class: ClassName=C34_Nets Member=Wire -12V
Added Member To Class: ClassName=DS1_Nets Member=Wire -12V
Added Member To Class: ClassName=U6_Nets Member=Wire -12V
Added Member To Class: ClassName=C14_Nets Member=Wire GND
Added Member To Class: ClassName=C29_Nets Member=Wire GND
Added Member To Class: ClassName=C32_Nets Member=Wire GND
Added Member To Class: ClassName=C34_Nets Member=Wire GND
Added Member To Class: ClassName=R3_Nets Member=Wire GND
Added Member To Class: ClassName=R4_Nets Member=Wire GND
Added Member To Class: ClassName=R11_Nets Member=Wire GND
Added Member To Class: ClassName=R14_Nets Member=Wire GND
Added Member To Class: ClassName=R6_Nets Member=Wire NetC1_1
Added Member To Class: ClassName=R7_Nets Member=Wire NetC1_1
Added Member To Class: ClassName=U6_Nets Member=Wire NetC1_2
Added Member To Class: ClassName=C2_Nets Member=Wire NetC2_1
Added Member To Class: ClassName=R8_Nets Member=Wire NetC2_1
Added Member To Class: ClassName=R16_Nets Member=Wire NetC2_1
Added Member To Class: ClassName=C2_Nets Member=Wire NetC2_2
Added Member To Class: ClassName=R7_Nets Member=Wire NetC2_2
Added Member To Class: ClassName=R21_Nets Member=Wire NetC2_2
Added Member To Class: ClassName=U3_Nets Member=Wire NetC2_2
Added Member To Class: ClassName=R2_Nets Member=Wire NetC11_1
Added Member To Class: ClassName=U7_Nets Member=Wire NetC11_1
Added Member To Class: ClassName=C22_Nets Member=Wire NetC11_2
Added Member To Class: ClassName=R2_Nets Member=Wire NetC11_2
Added Member To Class: ClassName=U7_Nets Member=Wire NetC11_2
Added Member To Class: ClassName=C12_Nets Member=Wire NetC12_1
Added Member To Class: ClassName=R6_Nets Member=Wire NetC12_1
Added Member To Class: ClassName=U6_Nets Member=Wire NetC12_1
Added Member To Class: ClassName=C18_Nets Member=Wire NetC18_1
Added Member To Class: ClassName=R16_Nets Member=Wire NetC18_1
Added Member To Class: ClassName=U3_Nets Member=Wire NetC18_1
Added Member To Class: ClassName=C22_Nets Member=Wire NetC22_2
Added Member To Class: ClassName=R8_Nets Member=Wire NetC22_2
Added Member To Class: ClassName=R18_Nets Member=Wire NetC22_2
Added Member To Class: ClassName=C23_Nets Member=Wire NetC23_2
Added Member To Class: ClassName=U5_Nets Member=Wire NetC23_2
Added Member To Class: ClassName=C27_Nets Member=Wire NetC24_1
Added Member To Class: ClassName=C31_Nets Member=Wire NetC24_1
Added Member To Class: ClassName=C35_Nets Member=Wire NetC24_1
Added Member To Class: ClassName=U5_Nets Member=Wire NetC24_1
Added Member To Class: ClassName=R3_Nets Member=Wire NetC24_2
Added Member To Class: ClassName=C26_Nets Member=Wire NetC26_1
Added Member To Class: ClassName=R17_Nets Member=Wire NetC26_1
Added Member To Class: ClassName=C27_Nets Member=Wire NetC27_1
Added Member To Class: ClassName=C31_Nets Member=Wire NetC27_1
Added Member To Class: ClassName=C35_Nets Member=Wire NetC27_1
Added Member To Class: ClassName=C29_Nets Member=Wire NetC29_1
Added Member To Class: ClassName=R10_Nets Member=Wire NetC29_1
Added Member To Class: ClassName=C30_Nets Member=Wire NetC30_1
Added Member To Class: ClassName=D3_Nets Member=Wire NetC30_1
Added Member To Class: ClassName=C33_Nets Member=Wire NetC33_1
Added Member To Class: ClassName=U5_Nets Member=Wire NetC33_1
Added Member To Class: ClassName=C33_Nets Member=Wire NetC33_2
Added Member To Class: ClassName=R9_Nets Member=Wire NetC33_2
Added Member To Class: ClassName=DS1_Nets Member=Wire NetDS1_1
Added Member To Class: ClassName=R14_Nets Member=Wire NetDS1_1
Added Member To Class: ClassName=DS2_Nets Member=Wire NetDS2_2
Added Member To Class: ClassName=R19_Nets Member=Wire NetDS2_2
Added Member To Class: ClassName=R4_Nets Member=Wire NetR4_2
Added Member To Class: ClassName=U6_Nets Member=Wire NetR4_2
Added Member To Class: ClassName=R5_Nets Member=Wire NetR5_1
Added Member To Class: ClassName=U4_Nets Member=Wire NetR5_1
Added Member To Class: ClassName=R5_Nets Member=Wire NetR5_2
Added Member To Class: ClassName=SW1_Nets Member=Wire NetR5_2
Added Member To Class: ClassName=U4_Nets Member=Wire NetR5_2
Added Member To Class: ClassName=R9_Nets Member=Wire NetR9_1
Added Member To Class: ClassName=U5_Nets Member=Wire NetR9_1
Added Member To Class: ClassName=R10_Nets Member=Wire NetR10_2
Added Member To Class: ClassName=SW1_Nets Member=Wire NetR10_2
Added Member To Class: ClassName=R11_Nets Member=Wire NetR11_2
Added Member To Class: ClassName=R21_Nets Member=Wire NetR11_2
Added Member To Class: ClassName=U3_Nets Member=Wire NetR11_2
