Removed Member From Class: ClassName=C10_Nets Member=+12V
Removed Member From Class: ClassName=C11_Nets Member=+12V
Removed Member From Class: ClassName=C22_Nets Member=-12V
Removed Member From Class: ClassName=C23_Nets Member=-12V
Removed Member From Class: ClassName=C10_Nets Member=GND
Removed Member From Class: ClassName=C14_Nets Member=GND
Removed Member From Class: ClassName=C32_Nets Member=GND
Removed Member From Class: ClassName=D1_Nets Member=NetC3_1
Removed Member From Class: ClassName=R4_Nets Member=NetC3_1
Removed Member From Class: ClassName=U4_Nets Member=NetC3_1
Removed Member From Class: ClassName=C13_Nets Member=NetC3_2
Removed Member From Class: ClassName=R4_Nets Member=NetC3_2
Removed Member From Class: ClassName=TP3_Nets Member=NetC3_2
Removed Member From Class: ClassName=U4_Nets Member=NetC3_2
Removed Member From Class: ClassName=R10_Nets Member=NetC13_2
Removed Member From Class: ClassName=R12_Nets Member=NetC13_2
Removed Member From Class: ClassName=U3_Nets Member=NetC14_1
Removed Member From Class: ClassName=C16_Nets Member=NetC16_1
Removed Member From Class: ClassName=R10_Nets Member=NetC16_1
Removed Member From Class: ClassName=R11_Nets Member=NetC16_1
Removed Member From Class: ClassName=C16_Nets Member=NetC16_2
Removed Member From Class: ClassName=R2_Nets Member=NetC16_2
Removed Member From Class: ClassName=R8_Nets Member=NetC16_2
Removed Member From Class: ClassName=TP4_Nets Member=NetC16_2
Removed Member From Class: ClassName=U2_Nets Member=NetC16_2
Removed Member From Class: ClassName=R8_Nets Member=NetC17_1
Removed Member From Class: ClassName=R9_Nets Member=NetC17_1
Removed Member From Class: ClassName=R3_Nets Member=NetC17_2
Removed Member From Class: ClassName=R6_Nets Member=NetC17_2
Removed Member From Class: ClassName=TP2_Nets Member=NetC17_2
Removed Member From Class: ClassName=U3_Nets Member=NetC17_2
Removed Member From Class: ClassName=C25_Nets Member=NetC25_1
Removed Member From Class: ClassName=R11_Nets Member=NetC25_1
Removed Member From Class: ClassName=U2_Nets Member=NetC25_1
Removed Member From Class: ClassName=R13_Nets Member=NetC26_1
Removed Member From Class: ClassName=TP5_Nets Member=NetC26_1
Removed Member From Class: ClassName=C27_Nets Member=NetC27_1
Removed Member From Class: ClassName=U6_Nets Member=NetC27_1
Removed Member From Class: ClassName=R14_Nets Member=NetC27_2
Removed Member From Class: ClassName=C28_Nets Member=NetC28_2
Removed Member From Class: ClassName=D2_Nets Member=NetC28_2
Removed Member From Class: ClassName=U5_Nets Member=NetC28_2
Removed Member From Class: ClassName=U6_Nets Member=NetC30_2
Removed Member From Class: ClassName=R17_Nets Member=NetC31_1
Removed Member From Class: ClassName=C35_Nets Member=NetC34_1
Removed Member From Class: ClassName=C35_Nets Member=NetC34_2
Removed Member From Class: ClassName=CP1_Nets Member=NetC34_2
Removed Member From Class: ClassName=U6_Nets Member=NetC34_2
Removed Member From Class: ClassName=D7_Nets Member=NetC37_1
Removed Member From Class: ClassName=U7_Nets Member=NetC37_1
Change Component Designator: OldDesignator=C3 NewDesignator=C1
Change Component Designator: OldDesignator=C5 NewDesignator=C2
Change Component Designator: OldDesignator=C6 NewDesignator=C3
Change Component Designator: OldDesignator=C7 NewDesignator=C4
Change Component Designator: OldDesignator=C8 NewDesignator=C5
Change Component Designator: OldDesignator=C9 NewDesignator=C6
Change Component Designator: OldDesignator=C10 NewDesignator=C7
Change Component Designator: OldDesignator=C11 NewDesignator=C8
Change Component Designator: OldDesignator=C13 NewDesignator=C10
Change Component Designator: OldDesignator=C14 NewDesignator=C11
Change Component Designator: OldDesignator=C15 NewDesignator=C12
Change Component Designator: OldDesignator=C16 NewDesignator=C13
Change Component Designator: OldDesignator=C17 NewDesignator=C14
Change Component Designator: OldDesignator=C18 NewDesignator=C15
Change Component Designator: OldDesignator=C19 NewDesignator=C16
Change Component Designator: OldDesignator=C20 NewDesignator=C17
Change Component Designator: OldDesignator=C21 NewDesignator=C18
Change Component Designator: OldDesignator=C22 NewDesignator=C19
Change Component Designator: OldDesignator=C23 NewDesignator=C20
Change Component Designator: OldDesignator=C24 NewDesignator=C21
Change Component Designator: OldDesignator=C25 NewDesignator=C22
Change Component Designator: OldDesignator=C26 NewDesignator=C23
Change Component Designator: OldDesignator=C27 NewDesignator=C24
Change Component Designator: OldDesignator=C28 NewDesignator=C25
Change Component Designator: OldDesignator=C29 NewDesignator=C26
Change Component Designator: OldDesignator=C30 NewDesignator=C27
Change Component Designator: OldDesignator=C31 NewDesignator=C28
Change Component Designator: OldDesignator=C32 NewDesignator=C29
Change Component Designator: OldDesignator=C33 NewDesignator=C30
Change Component Designator: OldDesignator=C34 NewDesignator=C31
Change Component Designator: OldDesignator=C35 NewDesignator=C32
Change Component Designator: OldDesignator=C36 NewDesignator=C33
Change Component Designator: OldDesignator=C37 NewDesignator=C34
Change Component Designator: OldDesignator=C38 NewDesignator=C35
Change Component Designator: OldDesignator=C? NewDesignator=C9
Change Net Name : Old Net Name=NetC3_1 New Net Name=NetC1_1
Change Net Name : Old Net Name=NetC3_2 New Net Name=NetC1_2
Change Net Name : Old Net Name=NetC13_2 New Net Name=NetC10_2
Change Net Name : Old Net Name=NetC14_1 New Net Name=NetC11_1
Change Net Name : Old Net Name=NetC16_1 New Net Name=NetC13_1
Change Net Name : Old Net Name=NetC16_2 New Net Name=NetC13_2
Change Net Name : Old Net Name=NetC17_1 New Net Name=NetC14_1
Change Net Name : Old Net Name=NetC17_2 New Net Name=NetC14_2
Change Net Name : Old Net Name=NetC25_1 New Net Name=NetC22_1
Change Net Name : Old Net Name=NetC26_1 New Net Name=NetC23_1
Change Net Name : Old Net Name=NetC27_1 New Net Name=NetC24_1
Change Net Name : Old Net Name=NetC27_2 New Net Name=NetC24_2
Change Net Name : Old Net Name=NetC28_2 New Net Name=NetC25_2
Change Net Name : Old Net Name=NetC30_2 New Net Name=NetC27_2
Change Net Name : Old Net Name=NetC31_1 New Net Name=NetC28_1
Change Net Name : Old Net Name=NetC34_1 New Net Name=NetC31_1
Change Net Name : Old Net Name=NetC34_2 New Net Name=NetC31_2
Change Net Name : Old Net Name=NetC37_1 New Net Name=NetC34_1
Change Class Name : Old Net Name=C24_Nets New Net Name=C12_Nets
Change Class Name : Old Net Name=C29_Nets New Net Name=C30_Nets
Change Class Name : Old Net Name=C31_Nets New Net Name=P2_Nets
Change Class Name : Old Net Name=C33_Nets New Net Name=C26_Nets
Change Class Name : Old Net Name=C38_Nets New Net Name=C17_Nets
Change Class Name : Old Net Name=C?_Nets New Net Name=C3_Nets
Change Class Name : Old Net Name=P2_Nets New Net Name=C34_Nets
Added Class: Name=C1_Nets
Added Class: Name=C2_Nets
Added Class: Name=C4_Nets
Added Class: Name=C24_Nets
Added Class: Name=C29_Nets
Added Class: Name=C31_Nets
Added Class: Name=C33_Nets
Added Member To Class: ClassName=C16_Nets Member=Wire -12V
Added Member To Class: ClassName=C35_Nets Member=Wire -12V
Added Member To Class: ClassName=C16_Nets Member=Wire GND
Added Member To Class: ClassName=C27_Nets Member=Wire GND
Added Member To Class: ClassName=C35_Nets Member=Wire GND
Added Member To Class: ClassName=D1_Nets Member=Wire NetC1_1
Added Member To Class: ClassName=R4_Nets Member=Wire NetC1_1
Added Member To Class: ClassName=U4_Nets Member=Wire NetC1_1
Added Member To Class: ClassName=C10_Nets Member=Wire NetC1_2
Added Member To Class: ClassName=R4_Nets Member=Wire NetC1_2
Added Member To Class: ClassName=TP3_Nets Member=Wire NetC1_2
Added Member To Class: ClassName=U4_Nets Member=Wire NetC1_2
Added Member To Class: ClassName=C10_Nets Member=Wire NetC10_2
Added Member To Class: ClassName=R10_Nets Member=Wire NetC10_2
Added Member To Class: ClassName=R12_Nets Member=Wire NetC10_2
Added Member To Class: ClassName=C11_Nets Member=Wire NetC11_1
Added Member To Class: ClassName=R9_Nets Member=Wire NetC11_1
Added Member To Class: ClassName=U3_Nets Member=Wire NetC11_1
Added Member To Class: ClassName=C13_Nets Member=Wire NetC13_1
Added Member To Class: ClassName=R10_Nets Member=Wire NetC13_1
Added Member To Class: ClassName=R11_Nets Member=Wire NetC13_1
Added Member To Class: ClassName=R2_Nets Member=Wire NetC13_2
Added Member To Class: ClassName=R8_Nets Member=Wire NetC13_2
Added Member To Class: ClassName=TP4_Nets Member=Wire NetC13_2
Added Member To Class: ClassName=U2_Nets Member=Wire NetC13_2
Added Member To Class: ClassName=R8_Nets Member=Wire NetC14_1
Added Member To Class: ClassName=C14_Nets Member=Wire NetC14_2
Added Member To Class: ClassName=R3_Nets Member=Wire NetC14_2
Added Member To Class: ClassName=R6_Nets Member=Wire NetC14_2
Added Member To Class: ClassName=TP2_Nets Member=Wire NetC14_2
Added Member To Class: ClassName=U3_Nets Member=Wire NetC14_2
Added Member To Class: ClassName=C22_Nets Member=Wire NetC22_1
Added Member To Class: ClassName=R11_Nets Member=Wire NetC22_1
Added Member To Class: ClassName=U2_Nets Member=Wire NetC22_1
Added Member To Class: ClassName=C23_Nets Member=Wire NetC23_1
Added Member To Class: ClassName=R13_Nets Member=Wire NetC23_1
Added Member To Class: ClassName=TP5_Nets Member=Wire NetC23_1
Added Member To Class: ClassName=U6_Nets Member=Wire NetC24_1
Added Member To Class: ClassName=R14_Nets Member=Wire NetC24_2
Added Member To Class: ClassName=C25_Nets Member=Wire NetC25_2
Added Member To Class: ClassName=D2_Nets Member=Wire NetC25_2
Added Member To Class: ClassName=U5_Nets Member=Wire NetC25_2
Added Member To Class: ClassName=U6_Nets Member=Wire NetC27_2
Added Member To Class: ClassName=C28_Nets Member=Wire NetC28_1
Added Member To Class: ClassName=R17_Nets Member=Wire NetC28_1
Added Member To Class: ClassName=C32_Nets Member=Wire NetC31_1
Added Member To Class: ClassName=C32_Nets Member=Wire NetC31_2
Added Member To Class: ClassName=CP1_Nets Member=Wire NetC31_2
Added Member To Class: ClassName=U6_Nets Member=Wire NetC31_2
Added Member To Class: ClassName=D7_Nets Member=Wire NetC34_1
Added Member To Class: ClassName=U7_Nets Member=Wire NetC34_1
