Removed Pin From Net: NetName=NetC13_1 Pin=C24-1
Removed Pin From Net: NetName=NetC13_1 Pin=C24-2
Removed Member From Class: ClassName=C25_Nets Member=+12V
Removed Member From Class: ClassName=C29_Nets Member=GND
Removed Member From Class: ClassName=C24_Nets Member=NetC25_1
Removed Member From Class: ClassName=U6_Nets Member=NetC25_1
Removed Member From Class: ClassName=C24_Nets Member=NetC25_2
Removed Member From Class: ClassName=R14_Nets Member=NetC25_2
Removed Member From Class: ClassName=C28_Nets Member=NetC28_2
Removed Member From Class: ClassName=U6_Nets Member=NetC28_2
Removed Member From Class: ClassName=R17_Nets Member=NetC29_1
Removed Member From Class: ClassName=C33_Nets Member=NetC30_1
Removed Member From Class: ClassName=C34_Nets Member=NetC30_1
Removed Member From Class: ClassName=C35_Nets Member=NetC30_1
Removed Member From Class: ClassName=U6_Nets Member=NetC30_1
Removed Member From Class: ClassName=C33_Nets Member=NetC33_1
Removed Member From Class: ClassName=C34_Nets Member=NetC33_1
Removed Member From Class: ClassName=C35_Nets Member=NetC33_1
Removed Member From Class: ClassName=D3_Nets Member=NetC36_1
Removed Member From Class: ClassName=U7_Nets Member=NetC36_1
Change Component Designator: OldDesignator=C25 NewDesignator=C24
Change Component Designator: OldDesignator=C26 NewDesignator=C25
Change Component Designator: OldDesignator=C27 NewDesignator=C26
Change Component Designator: OldDesignator=C28 NewDesignator=C27
Change Component Designator: OldDesignator=C29 NewDesignator=C28
Change Component Designator: OldDesignator=C30 NewDesignator=C29
Change Component Designator: OldDesignator=C31 NewDesignator=C30
Change Component Designator: OldDesignator=C32 NewDesignator=C31
Change Component Designator: OldDesignator=C33 NewDesignator=C32
Change Component Designator: OldDesignator=C34 NewDesignator=C33
Change Component Designator: OldDesignator=C35 NewDesignator=C34
Change Component Designator: OldDesignator=C36 NewDesignator=C35
Change Component Designator: OldDesignator=C37 NewDesignator=C36
Change Net Name : Old Net Name=NetC25_1 New Net Name=NetC24_1
Change Net Name : Old Net Name=NetC25_2 New Net Name=NetC24_2
Change Net Name : Old Net Name=NetC28_2 New Net Name=NetC27_2
Change Net Name : Old Net Name=NetC29_1 New Net Name=NetC28_1
Change Net Name : Old Net Name=NetC30_1 New Net Name=NetC29_1
Change Net Name : Old Net Name=NetC30_2 New Net Name=NetC29_2
Change Net Name : Old Net Name=NetC33_1 New Net Name=NetC32_1
Change Net Name : Old Net Name=NetC36_1 New Net Name=NetC35_1
Change Class Name : Old Net Name=C32_Nets New Net Name=C31_Nets
Change Class Name : Old Net Name=C37_Nets New Net Name=C36_Nets
Change Class Name : Old Net Name=R19_Nets New Net Name=C30_Nets
Added Class: Name=C32_Nets
Added Class: Name=R19_Nets
Added Member To Class: ClassName=Receiver_Design_PCB Member=Component C24 10u
Added Member To Class: ClassName=C35_Nets Member=Wire GND
Added Member To Class: ClassName=C24_Nets Member=Wire NetC24_1
Added Member To Class: ClassName=U6_Nets Member=Wire NetC24_1
Added Member To Class: ClassName=C24_Nets Member=Wire NetC24_2
Added Member To Class: ClassName=R14_Nets Member=Wire NetC24_2
Added Member To Class: ClassName=C27_Nets Member=Wire NetC27_2
Added Member To Class: ClassName=U6_Nets Member=Wire NetC27_2
Added Member To Class: ClassName=C28_Nets Member=Wire NetC28_1
Added Member To Class: ClassName=R17_Nets Member=Wire NetC28_1
Added Member To Class: ClassName=C33_Nets Member=Wire NetC29_1
Added Member To Class: ClassName=C34_Nets Member=Wire NetC29_1
Added Member To Class: ClassName=U6_Nets Member=Wire NetC29_1
Added Member To Class: ClassName=C29_Nets Member=Wire NetC29_2
Added Member To Class: ClassName=C33_Nets Member=Wire NetC32_1
Added Member To Class: ClassName=C34_Nets Member=Wire NetC32_1
Added Member To Class: ClassName=C35_Nets Member=Wire NetC35_1
Added Member To Class: ClassName=D3_Nets Member=Wire NetC35_1
Added Member To Class: ClassName=U7_Nets Member=Wire NetC35_1
