Removed Member From Class: ClassName=C3_Nets Member=+12V
Removed Member From Class: ClassName=C4_Nets Member=+12V
Removed Member From Class: ClassName=C13_Nets Member=-12V
Removed Member From Class: ClassName=C3_Nets Member=GND
Removed Member From Class: ClassName=C4_Nets Member=GND
Removed Member From Class: ClassName=C13_Nets Member=GND
Removed Member From Class: ClassName=C35_Nets Member=GND
Removed Member From Class: ClassName=D1_Nets Member=NetC2_1
Removed Member From Class: ClassName=R4_Nets Member=NetC2_1
Removed Member From Class: ClassName=U4_Nets Member=NetC2_1
Removed Member From Class: ClassName=R4_Nets Member=NetC2_2
Removed Member From Class: ClassName=TP3_Nets Member=NetC2_2
Removed Member From Class: ClassName=U4_Nets Member=NetC2_2
Removed Member From Class: ClassName=R10_Nets Member=NetC11_2
Removed Member From Class: ClassName=R12_Nets Member=NetC11_2
Removed Member From Class: ClassName=C12_Nets Member=NetC12_1
Removed Member From Class: ClassName=R9_Nets Member=NetC12_1
Removed Member From Class: ClassName=U3_Nets Member=NetC12_1
Removed Member From Class: ClassName=R10_Nets Member=NetC14_1
Removed Member From Class: ClassName=R11_Nets Member=NetC14_1
Removed Member From Class: ClassName=C14_Nets Member=NetC14_2
Removed Member From Class: ClassName=R2_Nets Member=NetC14_2
Removed Member From Class: ClassName=R8_Nets Member=NetC14_2
Removed Member From Class: ClassName=TP4_Nets Member=NetC14_2
Removed Member From Class: ClassName=U2_Nets Member=NetC14_2
Removed Member From Class: ClassName=R8_Nets Member=NetC15_1
Removed Member From Class: ClassName=R9_Nets Member=NetC15_1
Removed Member From Class: ClassName=R3_Nets Member=NetC15_2
Removed Member From Class: ClassName=R6_Nets Member=NetC15_2
Removed Member From Class: ClassName=TP2_Nets Member=NetC15_2
Removed Member From Class: ClassName=U3_Nets Member=NetC15_2
Removed Member From Class: ClassName=R11_Nets Member=NetC23_1
Removed Member From Class: ClassName=U2_Nets Member=NetC23_1
Removed Member From Class: ClassName=R13_Nets Member=NetC24_1
Removed Member From Class: ClassName=TP5_Nets Member=NetC24_1
Removed Member From Class: ClassName=U6_Nets Member=NetC25_1
Removed Member From Class: ClassName=C25_Nets Member=NetC25_2
Removed Member From Class: ClassName=R14_Nets Member=NetC25_2
Removed Member From Class: ClassName=C26_Nets Member=NetC26_2
Removed Member From Class: ClassName=D2_Nets Member=NetC26_2
Removed Member From Class: ClassName=C29_Nets Member=NetC29_1
Removed Member From Class: ClassName=R17_Nets Member=NetC29_1
Removed Member From Class: ClassName=C32_Nets Member=NetC32_1
Removed Member From Class: ClassName=C34_Nets Member=NetC32_1
Removed Member From Class: ClassName=P2_Nets Member=NetC32_1
Removed Member From Class: ClassName=C34_Nets Member=NetC32_2
Removed Member From Class: ClassName=CP1_Nets Member=NetC32_2
Removed Member From Class: ClassName=U6_Nets Member=NetC32_2
Removed Member From Class: ClassName=C35_Nets Member=NetC35_1
Removed Member From Class: ClassName=D7_Nets Member=NetC35_1
Removed Member From Class: ClassName=U7_Nets Member=NetC35_1
Removed Member From Class: ClassName=U6_Nets Member=NetR14_1
Removed Member From Class: ClassName=U6_Nets Member=NetR18_2
Change Component Designator: OldDesignator=C2 NewDesignator=C4
Change Component Designator: OldDesignator=C3 NewDesignator=C5
Change Component Designator: OldDesignator=C4 NewDesignator=C6
Change Component Designator: OldDesignator=C5 NewDesignator=C7
Change Component Designator: OldDesignator=C6 NewDesignator=C8
Change Component Designator: OldDesignator=C7 NewDesignator=C9
Change Component Designator: OldDesignator=C8 NewDesignator=C10
Change Component Designator: OldDesignator=C9 NewDesignator=C11
Change Component Designator: OldDesignator=C10 NewDesignator=C12
Change Component Designator: OldDesignator=C11 NewDesignator=C13
Change Component Designator: OldDesignator=C12 NewDesignator=C14
Change Component Designator: OldDesignator=C13 NewDesignator=C15
Change Component Designator: OldDesignator=C14 NewDesignator=C16
Change Component Designator: OldDesignator=C15 NewDesignator=C17
Change Component Designator: OldDesignator=C16 NewDesignator=C18
Change Component Designator: OldDesignator=C17 NewDesignator=C19
Change Component Designator: OldDesignator=C18 NewDesignator=C20
Change Component Designator: OldDesignator=C19 NewDesignator=C21
Change Component Designator: OldDesignator=C20 NewDesignator=C22
Change Component Designator: OldDesignator=C21 NewDesignator=C23
Change Component Designator: OldDesignator=C22 NewDesignator=C24
Change Component Designator: OldDesignator=C23 NewDesignator=C25
Change Component Designator: OldDesignator=C24 NewDesignator=C26
Change Component Designator: OldDesignator=C25 NewDesignator=C27
Change Component Designator: OldDesignator=C26 NewDesignator=C28
Change Component Designator: OldDesignator=C27 NewDesignator=C29
Change Component Designator: OldDesignator=C28 NewDesignator=C30
Change Component Designator: OldDesignator=C29 NewDesignator=C31
Change Component Designator: OldDesignator=C30 NewDesignator=C32
Change Component Designator: OldDesignator=C31 NewDesignator=C33
Change Component Designator: OldDesignator=C32 NewDesignator=C34
Change Component Designator: OldDesignator=C33 NewDesignator=C35
Change Component Designator: OldDesignator=C34 NewDesignator=C36
Change Component Designator: OldDesignator=C35 NewDesignator=C37
Change Component Designator: OldDesignator=C36 NewDesignator=C38
Added Component: Designator=C1(CAPR51-254-508X318X736)
Add component (AddParameter): Name = "Case\Package"; Value = "SOT-23-5"; VariantName = "[No Variations]"
Add component (AddParameter): Name = "ComponentLink1Description"; Value = "Manufacturer URL"; VariantName = "[No Variations]"
Add component (AddParameter): Name = "ComponentLink1URL"; Value = "http://www.kemet.com/"; VariantName = "[No Variations]"
Add component (AddParameter): Name = "ComponentLink2Description"; Value = "Datasheet"; VariantName = "[No Variations]"
Add component (AddParameter): Name = "ComponentLink2URL"; Value = "http://www.kemet.com/docfinder?Partnumber=C320C104K5R5TA"; VariantName = "[No Variations]"
Add component (AddParameter): Name = "DatasheetVersion"; Value = "Dec-15"; VariantName = "[No Variations]"
Add component (AddParameter): Name = "Dropout Voltage"; Value = "260 mV"; VariantName = "[No Variations]"
Add component (AddParameter): Name = "Height"; Value = "1.3 mm"; VariantName = "[No Variations]"
Add component (AddParameter): Name = "Length"; Value = "3 mm"; VariantName = "[No Variations]"
Add component (AddParameter): Name = "Max Input Voltage"; Value = "8 V"; VariantName = "[No Variations]"
Add component (AddParameter): Name = "Max Operating Temperature"; Value = "85 degC"; VariantName = "[No Variations]"
Add component (AddParameter): Name = "Max Power Dissipation"; Value = "250 mW"; VariantName = "[No Variations]"
Add component (AddParameter): Name = "Min Operating Temperature"; Value = "-40 degC"; VariantName = "[No Variations]"
Add component (AddParameter): Name = "Mount"; Value = "Surface Mount"; VariantName = "[No Variations]"
Add component (AddParameter): Name = "Output Current"; Value = "150 mA"; VariantName = "[No Variations]"
Add component (AddParameter): Name = "Output Voltage"; Value = "5 V"; VariantName = "[No Variations]"
Add component (AddParameter): Name = "Outputs"; Value = "1"; VariantName = "[No Variations]"
Add component (AddParameter): Name = "Package Quantity"; Value = "3000"; VariantName = "[No Variations]"
Add component (AddParameter): Name = "PackageDescription"; Value = "2-Pin Through Hole Device, Body 5.08 x 3.18 mm, Pitch 2.54 mm"; VariantName = "[No Variations]"
Add component (AddParameter): Name = "PackageReference"; Value = "CAPR51-254-508X318X736"; VariantName = "[No Variations]"
Add component (AddParameter): Name = "Packaging"; Value = "Tape and Reel"; VariantName = "[No Variations]"
Add component (AddParameter): Name = "Pins"; Value = "5"; VariantName = "[No Variations]"
Add component (AddParameter): Name = "Radiation Hardening"; Value = "No"; VariantName = "[No Variations]"
Add component (AddParameter): Name = "RoHSCompliant"; Value = "true"; VariantName = "[No Variations]"
Add component (AddParameter): Name = "Width"; Value = "1.8 mm"; VariantName = "[No Variations]"
Added Component: Designator=C2(CAPR51-254-508X318X736)
Add component (AddParameter): Name = "Case\Package"; Value = "SOT-23-5"; VariantName = "[No Variations]"
Add component (AddParameter): Name = "ComponentLink1Description"; Value = "Manufacturer URL"; VariantName = "[No Variations]"
Add component (AddParameter): Name = "ComponentLink1URL"; Value = "http://www.kemet.com/"; VariantName = "[No Variations]"
Add component (AddParameter): Name = "ComponentLink2Description"; Value = "Datasheet"; VariantName = "[No Variations]"
Add component (AddParameter): Name = "ComponentLink2URL"; Value = "http://www.kemet.com/docfinder?Partnumber=C320C104K5R5TA"; VariantName = "[No Variations]"
Add component (AddParameter): Name = "DatasheetVersion"; Value = "Dec-15"; VariantName = "[No Variations]"
Add component (AddParameter): Name = "Dropout Voltage"; Value = "260 mV"; VariantName = "[No Variations]"
Add component (AddParameter): Name = "Height"; Value = "1.3 mm"; VariantName = "[No Variations]"
Add component (AddParameter): Name = "Length"; Value = "3 mm"; VariantName = "[No Variations]"
Add component (AddParameter): Name = "Max Input Voltage"; Value = "8 V"; VariantName = "[No Variations]"
Add component (AddParameter): Name = "Max Operating Temperature"; Value = "85 degC"; VariantName = "[No Variations]"
Add component (AddParameter): Name = "Max Power Dissipation"; Value = "250 mW"; VariantName = "[No Variations]"
Add component (AddParameter): Name = "Min Operating Temperature"; Value = "-40 degC"; VariantName = "[No Variations]"
Add component (AddParameter): Name = "Mount"; Value = "Surface Mount"; VariantName = "[No Variations]"
Add component (AddParameter): Name = "Output Current"; Value = "150 mA"; VariantName = "[No Variations]"
Add component (AddParameter): Name = "Output Voltage"; Value = "5 V"; VariantName = "[No Variations]"
Add component (AddParameter): Name = "Outputs"; Value = "1"; VariantName = "[No Variations]"
Add component (AddParameter): Name = "Package Quantity"; Value = "3000"; VariantName = "[No Variations]"
Add component (AddParameter): Name = "PackageDescription"; Value = "2-Pin Through Hole Device, Body 5.08 x 3.18 mm, Pitch 2.54 mm"; VariantName = "[No Variations]"
Add component (AddParameter): Name = "PackageReference"; Value = "CAPR51-254-508X318X736"; VariantName = "[No Variations]"
Add component (AddParameter): Name = "Packaging"; Value = "Tape and Reel"; VariantName = "[No Variations]"
Add component (AddParameter): Name = "Pins"; Value = "5"; VariantName = "[No Variations]"
Add component (AddParameter): Name = "Radiation Hardening"; Value = "No"; VariantName = "[No Variations]"
Add component (AddParameter): Name = "RoHSCompliant"; Value = "true"; VariantName = "[No Variations]"
Add component (AddParameter): Name = "Width"; Value = "1.8 mm"; VariantName = "[No Variations]"
Added Component: Designator=C3(FP-K15H5-MFG)
Add component (AddParameter): Name = "Capacitance"; Value = "100nF"; VariantName = "[No Variations]"
Add component (AddParameter): Name = "Case/Package"; Value = "Dipped"; VariantName = "[No Variations]"
Add component (AddParameter): Name = "Construction"; Value = "RADIAL"; VariantName = "[No Variations]"
Add component (AddParameter): Name = "Depth"; Value = "2.5mm"; VariantName = "[No Variations]"
Add component (AddParameter): Name = "Diameter"; Value = "500um"; VariantName = "[No Variations]"
Add component (AddParameter): Name = "Dielectric"; Value = "X7R"; VariantName = "[No Variations]"
Add component (AddParameter): Name = "Dielectric Material"; Value = "Ceramic"; VariantName = "[No Variations]"
Add component (AddParameter): Name = "Height"; Value = "4mm"; VariantName = "[No Variations]"
Add component (AddParameter): Name = "Height - Seated (Max)"; Value = "0.257inch"; VariantName = "[No Variations]"
Add component (AddParameter): Name = "Lead Diameter"; Value = "0.5mm"; VariantName = "[No Variations]"
Add component (AddParameter): Name = "Lead Free"; Value = "Lead Free"; VariantName = "[No Variations]"
Add component (AddParameter): Name = "Lead Length"; Value = "30mm"; VariantName = "[No Variations]"
Add component (AddParameter): Name = "Lead Pitch"; Value = "5mm"; VariantName = "[No Variations]"
Add component (AddParameter): Name = "Lead/Base Style"; Value = "Formed Leads"; VariantName = "[No Variations]"
Add component (AddParameter): Name = "Length"; Value = "4mm"; VariantName = "[No Variations]"
Add component (AddParameter): Name = "Max Operating Temperature"; Value = "125蚓"; VariantName = "[No Variations]"
Add component (AddParameter): Name = "Min Operating Temperature"; Value = "-55蚓"; VariantName = "[No Variations]"
Add component (AddParameter): Name = "Mount"; Value = "Through Hole"; VariantName = "[No Variations]"
Add component (AddParameter): Name = "Package Quantity"; Value = "1"; VariantName = "[No Variations]"
Add component (AddParameter): Name = "Packaging"; Value = "Tape and Reel"; VariantName = "[No Variations]"
Add component (AddParameter): Name = "Radiation Hardening"; Value = "No"; VariantName = "[No Variations]"
Add component (AddParameter): Name = "RoHS Compliant"; Value = "Yes"; VariantName = "[No Variations]"
Add component (AddParameter): Name = "Series"; Value = "K"; VariantName = "[No Variations]"
Add component (AddParameter): Name = "Termination"; Value = "Radial"; VariantName = "[No Variations]"
Add component (AddParameter): Name = "Thickness"; Value = "2.6mm"; VariantName = "[No Variations]"
Add component (AddParameter): Name = "Tolerance"; Value = "10%"; VariantName = "[No Variations]"
Add component (AddParameter): Name = "Voltage"; Value = "50V"; VariantName = "[No Variations]"
Add component (AddParameter): Name = "Voltage Rating"; Value = "50V"; VariantName = "[No Variations]"
Add component (AddParameter): Name = "Voltage Rating (DC)"; Value = "50V"; VariantName = "[No Variations]"
Add component (AddParameter): Name = "Weight"; Value = "0.005644oz"; VariantName = "[No Variations]"
Add component (AddParameter): Name = "Width"; Value = "2.5mm"; VariantName = "[No Variations]"
Change Net Name : Old Net Name=NetC2_1 New Net Name=NetC4_1
Change Net Name : Old Net Name=NetC2_2 New Net Name=NetC4_2
Change Net Name : Old Net Name=NetC11_2 New Net Name=NetC13_2
Change Net Name : Old Net Name=NetC12_1 New Net Name=NetC14_1
Change Net Name : Old Net Name=NetC14_1 New Net Name=NetC16_1
Change Net Name : Old Net Name=NetC14_2 New Net Name=NetC16_2
Change Net Name : Old Net Name=NetC15_1 New Net Name=NetC17_1
Change Net Name : Old Net Name=NetC15_2 New Net Name=NetC17_2
Change Net Name : Old Net Name=NetC23_1 New Net Name=NetC25_1
Change Net Name : Old Net Name=NetC24_1 New Net Name=NetC26_1
Change Net Name : Old Net Name=NetC25_1 New Net Name=NetC27_1
Change Net Name : Old Net Name=NetC25_2 New Net Name=NetC27_2
Change Net Name : Old Net Name=NetC26_2 New Net Name=NetC28_2
Change Net Name : Old Net Name=NetC28_2 New Net Name=NetC30_2
Change Net Name : Old Net Name=NetC29_1 New Net Name=NetC31_1
Change Net Name : Old Net Name=NetC32_1 New Net Name=NetC34_1
Change Net Name : Old Net Name=NetC32_2 New Net Name=NetC34_2
Change Net Name : Old Net Name=NetC35_1 New Net Name=NetC37_1
Change Class Name : Old Net Name=C16_Nets New Net Name=C24_Nets
Change Class Name : Old Net Name=C17_Nets New Net Name=C23_Nets
Change Class Name : Old Net Name=C27_Nets New Net Name=C11_Nets
Change Class Name : Old Net Name=C31_Nets New Net Name=C33_Nets
Change Class Name : Old Net Name=C36_Nets New Net Name=C15_Nets
Change Class Name : Old Net Name=U6_Nets New Net Name=U5_Nets
Added Class: Name=C1_Nets
Added Class: Name=C16_Nets
Added Class: Name=C17_Nets
Added Class: Name=C27_Nets
Added Class: Name=C31_Nets
Added Class: Name=C36_Nets
Added Class: Name=C37_Nets
Added Class: Name=C38_Nets
Added Class: Name=U6_Nets
Added Member To Class: ClassName=Receiver_Design_PCB Member=Component C1 C320C104K5R5TA
Added Member To Class: ClassName=Receiver_Design_PCB Member=Component C37 0.33u
Added Member To Class: ClassName=Receiver_Design_PCB Member=Component C38 0.1u
Added Member To Class: ClassName=C12_Nets Member=Wire +12V
Added Member To Class: ClassName=C29_Nets Member=Wire +12V
Added Member To Class: ClassName=C14_Nets Member=Wire GND
Added Member To Class: ClassName=C25_Nets Member=Wire GND
Added Member To Class: ClassName=C32_Nets Member=Wire GND
Added Member To Class: ClassName=C4_Nets Member=Wire NetC4_1
Added Member To Class: ClassName=D1_Nets Member=Wire NetC4_1
Added Member To Class: ClassName=R4_Nets Member=Wire NetC4_1
Added Member To Class: ClassName=U4_Nets Member=Wire NetC4_1
Added Member To Class: ClassName=C4_Nets Member=Wire NetC4_2
Added Member To Class: ClassName=C13_Nets Member=Wire NetC4_2
Added Member To Class: ClassName=R4_Nets Member=Wire NetC4_2
Added Member To Class: ClassName=TP3_Nets Member=Wire NetC4_2
Added Member To Class: ClassName=U4_Nets Member=Wire NetC4_2
Added Member To Class: ClassName=C13_Nets Member=Wire NetC13_2
Added Member To Class: ClassName=R10_Nets Member=Wire NetC13_2
Added Member To Class: ClassName=R12_Nets Member=Wire NetC13_2
Added Member To Class: ClassName=R9_Nets Member=Wire NetC14_1
Added Member To Class: ClassName=U3_Nets Member=Wire NetC14_1
Added Member To Class: ClassName=R10_Nets Member=Wire NetC16_1
Added Member To Class: ClassName=R11_Nets Member=Wire NetC16_1
Added Member To Class: ClassName=R2_Nets Member=Wire NetC16_2
Added Member To Class: ClassName=R8_Nets Member=Wire NetC16_2
Added Member To Class: ClassName=TP4_Nets Member=Wire NetC16_2
Added Member To Class: ClassName=U2_Nets Member=Wire NetC16_2
Added Member To Class: ClassName=R8_Nets Member=Wire NetC17_1
Added Member To Class: ClassName=R9_Nets Member=Wire NetC17_1
Added Member To Class: ClassName=R3_Nets Member=Wire NetC17_2
Added Member To Class: ClassName=R6_Nets Member=Wire NetC17_2
Added Member To Class: ClassName=TP2_Nets Member=Wire NetC17_2
Added Member To Class: ClassName=U3_Nets Member=Wire NetC17_2
Added Member To Class: ClassName=R11_Nets Member=Wire NetC25_1
Added Member To Class: ClassName=U2_Nets Member=Wire NetC25_1
Added Member To Class: ClassName=C26_Nets Member=Wire NetC26_1
Added Member To Class: ClassName=R13_Nets Member=Wire NetC26_1
Added Member To Class: ClassName=TP5_Nets Member=Wire NetC26_1
Added Member To Class: ClassName=R14_Nets Member=Wire NetC27_2
Added Member To Class: ClassName=D2_Nets Member=Wire NetC28_2
Added Member To Class: ClassName=C30_Nets Member=Wire NetC30_2
Added Member To Class: ClassName=R17_Nets Member=Wire NetC31_1
Added Member To Class: ClassName=C34_Nets Member=Wire NetC34_1
Added Member To Class: ClassName=C35_Nets Member=Wire NetC34_1
Added Member To Class: ClassName=P2_Nets Member=Wire NetC34_1
Added Member To Class: ClassName=C34_Nets Member=Wire NetC34_2
Added Member To Class: ClassName=C35_Nets Member=Wire NetC34_2
Added Member To Class: ClassName=CP1_Nets Member=Wire NetC34_2
Added Member To Class: ClassName=D7_Nets Member=Wire NetC37_1
Added Member To Class: ClassName=U7_Nets Member=Wire NetC37_1
