Removed Member From Class: ClassName=C1_Nets Member=NetC11_2
Removed Member From Class: ClassName=R15_Nets Member=NetC11_2
Removed Member From Class: ClassName=R20_Nets Member=NetC11_2
Removed Member From Class: ClassName=U6_Nets Member=NetC11_2
Removed Member From Class: ClassName=C1_Nets Member=NetC12_1
Removed Member From Class: ClassName=C11_Nets Member=NetC12_1
Removed Member From Class: ClassName=D1_Nets Member=NetC12_1
Removed Member From Class: ClassName=R2_Nets Member=NetC12_1
Removed Member From Class: ClassName=R7_Nets Member=NetC12_1
Removed Member From Class: ClassName=U7_Nets Member=NetC12_1
Removed Member From Class: ClassName=C10_Nets Member=NetC22_2
Removed Member From Class: ClassName=C29_Nets Member=NetC24_1
Removed Member From Class: ClassName=R10_Nets Member=NetC24_1
Removed Member From Class: ClassName=C24_Nets Member=NetC33_1
Removed Member From Class: ClassName=C27_Nets Member=NetC33_1
Removed Member From Class: ClassName=C31_Nets Member=NetC33_1
Removed Member From Class: ClassName=C35_Nets Member=NetC33_1
Removed Member From Class: ClassName=C24_Nets Member=NetC33_2
Removed Member From Class: ClassName=R3_Nets Member=NetC33_2
Removed Member From Class: ClassName=R1_Nets Member=NetR5_1
Removed Member From Class: ClassName=R1_Nets Member=NetR5_2
Removed Member From Class: ClassName=U5_Nets Member=NetR5_2
Removed Member From Class: ClassName=R17_Nets Member=NetR10_2
Added Member To Class: ClassName=C1_Nets Member=Wire NetC1_1
Added Member To Class: ClassName=R6_Nets Member=Wire NetC1_1
Added Member To Class: ClassName=R7_Nets Member=Wire NetC1_1
Added Member To Class: ClassName=C1_Nets Member=Wire NetC1_2
Added Member To Class: ClassName=R15_Nets Member=Wire NetC1_2
Added Member To Class: ClassName=R20_Nets Member=Wire NetC1_2
Added Member To Class: ClassName=U6_Nets Member=Wire NetC1_2
Added Member To Class: ClassName=C11_Nets Member=Wire NetC11_1
Added Member To Class: ClassName=D1_Nets Member=Wire NetC11_1
Added Member To Class: ClassName=R2_Nets Member=Wire NetC11_1
Added Member To Class: ClassName=U7_Nets Member=Wire NetC11_1
Added Member To Class: ClassName=C24_Nets Member=Wire NetC24_1
Added Member To Class: ClassName=C27_Nets Member=Wire NetC24_1
Added Member To Class: ClassName=C31_Nets Member=Wire NetC24_1
Added Member To Class: ClassName=C35_Nets Member=Wire NetC24_1
Added Member To Class: ClassName=U5_Nets Member=Wire NetC24_1
Added Member To Class: ClassName=C24_Nets Member=Wire NetC24_2
Added Member To Class: ClassName=R3_Nets Member=Wire NetC24_2
Added Member To Class: ClassName=C29_Nets Member=Wire NetC29_1
Added Member To Class: ClassName=R10_Nets Member=Wire NetC29_1
Added Member To Class: ClassName=R1_Nets Member=Wire NetR1_2
Added Member To Class: ClassName=U5_Nets Member=Wire NetR1_2
Added Member To Class: ClassName=R17_Nets Member=Wire NetR17_2
Added Member To Class: ClassName=SW1_Nets Member=Wire NetR17_2
