Removed Pin From Net: NetName=NetC11_1 Pin=R?2-2
Removed Pin From Net: NetName=NetC13_1 Pin=U5-3
Removed Pin From Net: NetName=NetC11_1 Pin=U6-3
Removed Pin From Net: NetName=NetC12_1 Pin=U6-6
Removed Member From Class: ClassName=Receiver_Design_PCB Member=R?1
Change Component Footprint: Designator=LED?1 Old Footprint=WL-TMRC_D3.95H5.3 New Footprint=WL-TMRC_D3.95H5.3
Change Component Footprint: Designator=LED?2 Old Footprint=WL-TMRC_D3.95H5.3 New Footprint=WL-TMRC_D3.95H5.3
Change Component Designator: OldDesignator=C1 NewDesignator=C28
Change Component Designator: OldDesignator=C2 NewDesignator=C29
Change Component Designator: OldDesignator=C3 NewDesignator=C30
Change Component Designator: OldDesignator=C4 NewDesignator=C23
Change Component Designator: OldDesignator=C5 NewDesignator=C24
Change Component Designator: OldDesignator=C6 NewDesignator=C20
Change Component Designator: OldDesignator=C7 NewDesignator=C18
Change Component Designator: OldDesignator=C8 NewDesignator=C17
Change Component Designator: OldDesignator=C9 NewDesignator=C15
Change Component Designator: OldDesignator=C10 NewDesignator=C5
Change Component Designator: OldDesignator=C11 NewDesignator=C7
Change Component Designator: OldDesignator=C12 NewDesignator=C2
Change Component Designator: OldDesignator=C13 NewDesignator=C3
Change Component Designator: OldDesignator=C?1 NewDesignator=C67
Change Component Designator: OldDesignator=C?2 NewDesignator=C68
Change Component Designator: OldDesignator=C?3 NewDesignator=C62
Change Component Designator: OldDesignator=C?4 NewDesignator=C58
Change Component Designator: OldDesignator=C?5 NewDesignator=C59
Change Component Designator: OldDesignator=C?6 NewDesignator=C54
Change Component Designator: OldDesignator=C?7 NewDesignator=C52
Change Component Designator: OldDesignator=C?8 NewDesignator=C51
Change Component Designator: OldDesignator=C?9 NewDesignator=C49
Change Component Designator: OldDesignator=C?10 NewDesignator=C41
Change Component Designator: OldDesignator=C?11 NewDesignator=C42
Change Component Designator: OldDesignator=C?12 NewDesignator=C38
Change Component Designator: OldDesignator=C?13 NewDesignator=C36
Change Component Designator: OldDesignator=D1 NewDesignator=D3
Change Component Designator: OldDesignator=D3 NewDesignator=D1
Change Component Designator: OldDesignator=D?1 NewDesignator=D6
Change Component Designator: OldDesignator=D?2 NewDesignator=D5
Change Component Designator: OldDesignator=D?3 NewDesignator=D4
Change Component Designator: OldDesignator=DS1 NewDesignator=DS2
Change Component Designator: OldDesignator=DS2 NewDesignator=DS1
Change Component Designator: OldDesignator=DS?1 NewDesignator=DS4
Change Component Designator: OldDesignator=DS?2 NewDesignator=DS3
Change Component Designator: OldDesignator=LED1 NewDesignator=LED2
Change Component Designator: OldDesignator=LED2 NewDesignator=LED1
Change Component Designator: OldDesignator=LED?1 NewDesignator=LED4
Change Component Designator: OldDesignator=LED?2 NewDesignator=LED3
Change Component Designator: OldDesignator=P?1 NewDesignator=P2
Change Component Designator: OldDesignator=R1 NewDesignator=R13
Change Component Designator: OldDesignator=R2 NewDesignator=R20
Change Component Designator: OldDesignator=R3 NewDesignator=R1
Change Component Designator: OldDesignator=R?1 NewDesignator=R12
Change Component Designator: OldDesignator=R?2 NewDesignator=R9
Change Component Designator: OldDesignator=R?3 NewDesignator=R40
Change Component Designator: OldDesignator=R?4 NewDesignator=R41
Change Component Designator: OldDesignator=R?5 NewDesignator=R39
Change Component Designator: OldDesignator=R?6 NewDesignator=R38
Change Component Designator: OldDesignator=R?7 NewDesignator=R35
Change Component Designator: OldDesignator=R?8 NewDesignator=R36
Change Component Designator: OldDesignator=R?9 NewDesignator=R34
Change Component Designator: OldDesignator=R?10 NewDesignator=R33
Change Component Designator: OldDesignator=R?11 NewDesignator=R31
Change Component Designator: OldDesignator=R?12 NewDesignator=R32
Change Component Designator: OldDesignator=R?13 NewDesignator=R29
Change Component Designator: OldDesignator=R?14 NewDesignator=R30
Change Component Designator: OldDesignator=R?15 NewDesignator=R28
Change Component Designator: OldDesignator=R?16 NewDesignator=R26
Change Component Designator: OldDesignator=R?17 NewDesignator=R27
Change Component Designator: OldDesignator=R?18 NewDesignator=R25
Change Component Designator: OldDesignator=R?19 NewDesignator=R23
Change Component Designator: OldDesignator=R?20 NewDesignator=R24
Change Component Designator: OldDesignator=R?21 NewDesignator=R22
Change Component Designator: OldDesignator=SW?1 NewDesignator=SW2
Change Component Designator: OldDesignator=U1 NewDesignator=U7
Change Component Designator: OldDesignator=U2 NewDesignator=U6
Change Component Designator: OldDesignator=U3 NewDesignator=U5
Change Component Designator: OldDesignator=U5 NewDesignator=U3
Change Component Designator: OldDesignator=U6 NewDesignator=U2
Change Component Designator: OldDesignator=U7 NewDesignator=U1
Change Component Designator: OldDesignator=U?1 NewDesignator=U14
Change Component Designator: OldDesignator=U?2 NewDesignator=U13
Change Component Designator: OldDesignator=U?3 NewDesignator=U12
Change Component Designator: OldDesignator=U?4 NewDesignator=U11
Change Component Designator: OldDesignator=U?5 NewDesignator=U9
Change Component Designator: OldDesignator=U?6 NewDesignator=U10
Change Component Designator: OldDesignator=U?7 NewDesignator=U8
Add Pin To Net: Unknown Pin: Pin C1-1
Add Pin To Net: Unknown Pin: Pin C1-2
Add Pin To Net: Unknown Pin: Pin C4-1
Add Pin To Net: Unknown Pin: Pin C4-2
Add Pin To Net: Unknown Pin: Pin C6-1
Add Pin To Net: Unknown Pin: Pin C6-2
Add Pin To Net: Unknown Pin: Pin C8-1
Add Pin To Net: Unknown Pin: Pin C8-2
Add Pin To Net: Unknown Pin: Pin C9-1
Add Pin To Net: Unknown Pin: Pin C9-2
Add Pin To Net: Unknown Pin: Pin C10-1
Add Pin To Net: Unknown Pin: Pin C10-2
Add Pin To Net: Unknown Pin: Pin C11-1
Add Pin To Net: Unknown Pin: Pin C12-1
Add Pin To Net: Unknown Pin: Pin C12-2
Add Pin To Net: Unknown Pin: Pin C13-1
Add Pin To Net: Unknown Pin: Pin C14-2
Add Pin To Net: Unknown Pin: Pin C16-1
Add Pin To Net: Unknown Pin: Pin C16-2
Add Pin To Net: Unknown Pin: Pin C19-1
Add Pin To Net: Unknown Pin: Pin C19-2
Add Pin To Net: Unknown Pin: Pin C21-1
Add Pin To Net: Unknown Pin: Pin C21-2
Add Pin To Net: Unknown Pin: Pin C22-2
Add Pin To Net: Unknown Pin: Pin C25-1
Add Pin To Net: Unknown Pin: Pin C25-2
Add Pin To Net: Unknown Pin: Pin C26-1
Add Pin To Net: Unknown Pin: Pin C26-2
Add Pin To Net: Unknown Pin: Pin C27-1
Add Pin To Net: Unknown Pin: Pin C27-2
Add Pin To Net: Unknown Pin: Pin C31-1
Add Pin To Net: Unknown Pin: Pin C31-2
Add Pin To Net: Unknown Pin: Pin C32-1
Add Pin To Net: Unknown Pin: Pin C32-2
Add Pin To Net: Unknown Pin: Pin C33-1
Add Pin To Net: Unknown Pin: Pin C33-2
Add Pin To Net: Unknown Pin: Pin C34-1
Add Pin To Net: Unknown Pin: Pin C34-2
Add Pin To Net: Unknown Pin: Pin C37-2
Add Pin To Net: Unknown Pin: Pin C39-2
Add Pin To Net: Unknown Pin: Pin C40-2
Add Pin To Net: Unknown Pin: Pin C43-2
Add Pin To Net: Unknown Pin: Pin C46-2
Add Pin To Net: Unknown Pin: Pin C48-2
Add Pin To Net: Unknown Pin: Pin C50-2
Add Pin To Net: Unknown Pin: Pin C53-2
Add Pin To Net: Unknown Pin: Pin C55-2
Add Pin To Net: Unknown Pin: Pin C56-2
Add Pin To Net: Unknown Pin: Pin C57-1
Add Pin To Net: Unknown Pin: Pin C57-2
Added Pin To Net: NetName=GND Pin=C58-1
Add Pin To Net: Unknown Pin: Pin C60-2
Add Pin To Net: Unknown Pin: Pin C63-1
Add Pin To Net: Unknown Pin: Pin C64-2
Add Pin To Net: Unknown Pin: Pin C65-1
Add Pin To Net: Unknown Pin: Pin C66-1
Add Pin To Net: Unknown Pin: Pin R2-1
Add Pin To Net: Unknown Pin: Pin R2-2
Add Pin To Net: Unknown Pin: Pin R3-1
Add Pin To Net: Unknown Pin: Pin R3-2
Add Pin To Net: Unknown Pin: Pin R4-1
Add Pin To Net: Unknown Pin: Pin R4-2
Add Pin To Net: Unknown Pin: Pin R5-2
Add Pin To Net: Unknown Pin: Pin R6-1
Add Pin To Net: Unknown Pin: Pin R7-1
Add Pin To Net: Unknown Pin: Pin R7-2
Add Pin To Net: Unknown Pin: Pin R8-1
Add Pin To Net: Unknown Pin: Pin R8-2
Add Pin To Net: Unknown Pin: Pin R10-1
Add Pin To Net: Unknown Pin: Pin R11-2
Add Pin To Net: Unknown Pin: Pin R14-2
Add Pin To Net: Unknown Pin: Pin R15-1
Add Pin To Net: Unknown Pin: Pin R15-2
Add Pin To Net: Unknown Pin: Pin R16-1
Add Pin To Net: Unknown Pin: Pin R16-2
Add Pin To Net: Unknown Pin: Pin R17-1
Add Pin To Net: Unknown Pin: Pin R17-2
Add Pin To Net: Unknown Pin: Pin R18-1
Add Pin To Net: Unknown Pin: Pin R18-2
Add Pin To Net: Unknown Pin: Pin R19-1
Add Pin To Net: Unknown Pin: Pin R19-2
Add Pin To Net: Unknown Pin: Pin R21-1
Add Pin To Net: Unknown Pin: Pin R21-2
Added Pin To Net: NetName=NetC11_1 Pin=U2-6
Added Pin To Net: NetName=NetC12_1 Pin=U3-3
Added Pin To Net: NetName=NetC13_1 Pin=U3-6
Change Net Name : Old Net Name=NetD?_2 New Net Name=NetD6_2
Change Net Name : Old Net Name=NetDS?_1 New Net Name=NetDS4_1
Change Net Name : Old Net Name=NetDS?_2 New Net Name=NetDS3_2
Change Net Name : Old Net Name=NetLED?_1 New Net Name=NetLED3_1
Change Net Name : Old Net Name=NetLED?_2 New Net Name=NetLED4_2
Change Net Name : Old Net Name=NetR?_1 New Net Name=NetR22_1
Change Net Name : Old Net Name=NetR?_2 New Net Name=NetR34_2
Add Net: Net with name "+12V" already exists
Add Net: Net with name "-12V" already exists
Added Pin To Net: NetName=NetC11_2 Pin=R9-1
Added Pin To Net: NetName=NetC11_2 Pin=R12-2
Added Net: Name=NetC11_2
Added Net: Name=NetC13_2
Added Pin To Net: NetName=NetC22_1 Pin=R9-2
Added Pin To Net: NetName=NetC22_1 Pin=U2-3
Added Net: Name=NetC22_1
Added Pin To Net: NetName=NetC35_1 Pin=D4-1
Added Pin To Net: NetName=NetC35_1 Pin=R25-1
Added Pin To Net: NetName=NetC35_1 Pin=U11-2
Added Net: Name=NetC35_1
Added Pin To Net: NetName=NetC35_2 Pin=R25-2
Added Pin To Net: NetName=NetC35_2 Pin=U11-6
Added Net: Name=NetC35_2
Added Pin To Net: NetName=NetC44_2 Pin=R31-1
Added Pin To Net: NetName=NetC44_2 Pin=R33-1
Added Net: Name=NetC44_2
Added Pin To Net: NetName=NetC45_1 Pin=R23-2
Added Pin To Net: NetName=NetC45_1 Pin=R29-1
Added Pin To Net: NetName=NetC45_1 Pin=U9-6
Added Net: Name=NetC45_1
Added Pin To Net: NetName=NetC45_2 Pin=R31-2
Added Pin To Net: NetName=NetC45_2 Pin=R32-1
Added Net: Name=NetC45_2
Added Pin To Net: NetName=NetC46_1 Pin=R30-2
Added Pin To Net: NetName=NetC46_1 Pin=U10-3
Added Net: Name=NetC46_1
Added Pin To Net: NetName=NetC47_1 Pin=R24-2
Added Pin To Net: NetName=NetC47_1 Pin=R27-1
Added Pin To Net: NetName=NetC47_1 Pin=U10-6
Added Net: Name=NetC47_1
Added Pin To Net: NetName=NetC47_2 Pin=R29-2
Added Pin To Net: NetName=NetC47_2 Pin=R30-1
Added Net: Name=NetC47_2
Added Pin To Net: NetName=NetC56_1 Pin=R32-2
Added Pin To Net: NetName=NetC56_1 Pin=U9-3
Added Net: Name=NetC56_1
Added Net: Name=NetC60_1
Added Pin To Net: NetName=NetC61_1 Pin=R39-2
Added Net: Name=NetC61_1
Added Pin To Net: NetName=NetC61_2 Pin=U13-5
Added Net: Name=NetC61_2
Added Pin To Net: NetName=NetC67_1 Pin=C67-1
Added Pin To Net: NetName=NetC67_1 Pin=D6-1
Added Pin To Net: NetName=NetC67_1 Pin=U14-2
Added Net: Name=NetC67_1
Added Pin To Net: NetName=NetD5_2 Pin=D5-2
Added Pin To Net: NetName=NetD5_2 Pin=LED3-2
Added Pin To Net: NetName=NetD5_2 Pin=P2-4
Added Net: Name=NetD5_2
Added Pin To Net: NetName=NetR22_2 Pin=R22-2
Added Pin To Net: NetName=NetR22_2 Pin=SW2-2
Added Pin To Net: NetName=NetR22_2 Pin=U8-6
Added Net: Name=NetR22_2
Added Pin To Net: NetName=NetR23_1 Pin=R23-1
Added Pin To Net: NetName=NetR23_1 Pin=R28-2
Added Pin To Net: NetName=NetR23_1 Pin=U9-2
Added Net: Name=NetR23_1
Added Pin To Net: NetName=NetR24_1 Pin=R24-1
Added Pin To Net: NetName=NetR24_1 Pin=R26-2
Added Pin To Net: NetName=NetR24_1 Pin=U10-2
Added Net: Name=NetR24_1
Added Pin To Net: NetName=NetR37_2 Pin=SW2-1
Added Net: Name=NetR37_2
Added Pin To Net: NetName=NetR38_2 Pin=R38-2
Added Pin To Net: NetName=NetR38_2 Pin=U13-3
Added Net: Name=NetR38_2
Add Class Member: Failed to add class member : Component C10 Capacitor
Add Class Member: Failed to add class member : Component C12 Capacitor
Add Class Member: Failed to add class member : Component C13 Capacitor
Add Class Member: Failed to add class member : Component C14 Capacitor
Added Member To Class: ClassName=A4_Receiver_Design_PCB Member=Component C15 2.2u
Add Class Member: Failed to add class member : Component C16 Capacitor
Added Member To Class: ClassName=A4_Receiver_Design_PCB Member=Component C17 2.2u
Added Member To Class: ClassName=A4_Receiver_Design_PCB Member=Component C18 2.2u
Add Class Member: Failed to add class member : Component C19 Capacitor
Added Member To Class: ClassName=A4_Receiver_Design_PCB Member=Component C20 2.2u
Add Class Member: Failed to add class member : Component C21 Capacitor
Add Class Member: Failed to add class member : Component C22 Capacitor
Added Member To Class: ClassName=A4_Receiver_Design_PCB Member=Component C23 0.33u
Added Member To Class: ClassName=A4_Receiver_Design_PCB Member=Component C24 0.1u
Add Class Member: Failed to add class member : Component C25 Capacitor
Add Class Member: Failed to add class member : Component C26 Capacitor
Add Class Member: Failed to add class member : Component C27 Capacitor
Added Member To Class: ClassName=A4_Receiver_Design_PCB Member=Component C28 0.33u
Added Member To Class: ClassName=A4_Receiver_Design_PCB Member=Component C29 0.1u
Added Member To Class: ClassName=A4_Receiver_Design_PCB Member=Component C30 2.2u
Add Class Member: Failed to add class member : Component C31 Capacitor
Add Class Member: Failed to add class member : Component C32 Capacitor
Add Class Member: Failed to add class member : Component C33 Capacitor
Add Class Member: Failed to add class member : Component C34 Capacitor
Add Class Member: Failed to add class member : Component C35 Capacitor
Added Member To Class: ClassName=Receiver_Design_PCB Member=Component C36 2.2u
Add Class Member: Failed to add class member : Component C37 Capacitor
Added Member To Class: ClassName=Receiver_Design_PCB Member=Component C38 2.2u
Add Class Member: Failed to add class member : Component C39 Capacitor
Add Class Member: Failed to add class member : Component C40 Capacitor
Added Member To Class: ClassName=Receiver_Design_PCB Member=Component C41 2.2u
Added Member To Class: ClassName=Receiver_Design_PCB Member=Component C42 2.2u
Add Class Member: Failed to add class member : Component C43 Capacitor
Add Class Member: Failed to add class member : Component C44 Capacitor
Add Class Member: Failed to add class member : Component C45 Capacitor
Add Class Member: Failed to add class member : Component C46 Capacitor
Add Class Member: Failed to add class member : Component C47 Capacitor
Add Class Member: Failed to add class member : Component C48 Capacitor
Added Member To Class: ClassName=Receiver_Design_PCB Member=Component C49 2.2u
Add Class Member: Failed to add class member : Component C50 Capacitor
Added Member To Class: ClassName=Receiver_Design_PCB Member=Component C51 2.2u
Added Member To Class: ClassName=Receiver_Design_PCB Member=Component C52 2.2u
Add Class Member: Failed to add class member : Component C53 Capacitor
Added Member To Class: ClassName=Receiver_Design_PCB Member=Component C54 2.2u
Add Class Member: Failed to add class member : Component C55 Capacitor
Add Class Member: Failed to add class member : Component C56 Capacitor
Add Class Member: Failed to add class member : Component C57 Capacitor
Added Member To Class: ClassName=Receiver_Design_PCB Member=Component C59 0.1u
Add Class Member: Failed to add class member : Component C60 Capacitor
Add Class Member: Failed to add class member : Component C61 Capacitor
Added Member To Class: ClassName=Receiver_Design_PCB Member=Component C62 2.2u
Add Class Member: Failed to add class member : Component C63 Capacitor
Add Class Member: Failed to add class member : Component C64 Capacitor
Add Class Member: Failed to add class member : Component C65 Capacitor
Add Class Member: Failed to add class member : Component C66 Capacitor
Added Member To Class: ClassName=Receiver_Design_PCB Member=Component C67 0.33u
Added Member To Class: ClassName=Receiver_Design_PCB Member=Component C68 0.1u
Added Member To Class: ClassName=A4_Receiver_Design_PCB Member=Component D3 1N4007
Added Member To Class: ClassName=Receiver_Design_PCB Member=Component D4 BPV10
Added Member To Class: ClassName=Receiver_Design_PCB Member=Component D5 1N4007
Added Member To Class: ClassName=A4_Receiver_Design_PCB Member=Component DS2 HLMP-4740
Added Member To Class: ClassName=Receiver_Design_PCB Member=Component DS4 HLMP-4740
Added Member To Class: ClassName=A4_Receiver_Design_PCB Member=Component LED2 151031SS04000
Added Member To Class: ClassName=Receiver_Design_PCB Member=Component LED3 151031SS04000
Add Class Member: Failed to add class member : Component R3 Resistor
Add Class Member: Failed to add class member : Component R4 Resistor
Add Class Member: Failed to add class member : Component R5 Resistor
Add Class Member: Failed to add class member : Component R6 Resistor
Add Class Member: Failed to add class member : Component R7 Resistor
Add Class Member: Failed to add class member : Component R8 Resistor
Added Member To Class: ClassName=A4_Receiver_Design_PCB Member=Component R9 270
Add Class Member: Failed to add class member : Component R10 Resistor
Add Class Member: Failed to add class member : Component R11 Resistor
Added Member To Class: ClassName=A4_Receiver_Design_PCB Member=Component R13 4k7
Add Class Member: Failed to add class member : Component R14 Resistor
Add Class Member: Failed to add class member : Component R15 Resistor
Add Class Member: Failed to add class member : Component R16 Resistor
Add Class Member: Failed to add class member : Component R17 Resistor
Add Class Member: Failed to add class member : Component R18 Resistor
Add Class Member: Failed to add class member : Component R19 Resistor
Added Member To Class: ClassName=A4_Receiver_Design_PCB Member=Component R20 3362P-1-103LF
Add Class Member: Failed to add class member : Component R21 Resistor
Added Member To Class: ClassName=Receiver_Design_PCB Member=Component R22 3362P-1-104LF-100k
Added Member To Class: ClassName=Receiver_Design_PCB Member=Component R23 1K
Added Member To Class: ClassName=Receiver_Design_PCB Member=Component R24 1k
Added Member To Class: ClassName=Receiver_Design_PCB Member=Component R25 3k3
Added Member To Class: ClassName=Receiver_Design_PCB Member=Component R26 2.2k
Added Member To Class: ClassName=Receiver_Design_PCB Member=Component R27 10k
Added Member To Class: ClassName=Receiver_Design_PCB Member=Component R28 2.2k
Added Member To Class: ClassName=Receiver_Design_PCB Member=Component R29 270
Added Member To Class: ClassName=Receiver_Design_PCB Member=Component R30 270
Added Member To Class: ClassName=Receiver_Design_PCB Member=Component R31 270
Added Member To Class: ClassName=Receiver_Design_PCB Member=Component R32 270
Added Member To Class: ClassName=Receiver_Design_PCB Member=Component R33 4k7
Added Member To Class: ClassName=Receiver_Design_PCB Member=Component R34 1k2
Added Member To Class: ClassName=Receiver_Design_PCB Member=Component R35 2k2
Added Member To Class: ClassName=Receiver_Design_PCB Member=Component R36 33K
Add Class Member: Failed to add class member : Component R37 Resistor
Added Member To Class: ClassName=Receiver_Design_PCB Member=Component R38 3362P-1-103LF
Added Member To Class: ClassName=Receiver_Design_PCB Member=Component R39 10
Added Member To Class: ClassName=Receiver_Design_PCB Member=Component R40 2k2
Added Member To Class: ClassName=Receiver_Design_PCB Member=Component R41 33K
Added Member To Class: ClassName=A4_Receiver_Design_PCB Member=Component U5 LM78L12ACZ
Added Member To Class: ClassName=A4_Receiver_Design_PCB Member=Component U6 LM386N-1
Added Member To Class: ClassName=A4_Receiver_Design_PCB Member=Component U7 LM79L12ACZ
Added Member To Class: ClassName=Receiver_Design_PCB Member=Component U8 LM6171
Added Member To Class: ClassName=Receiver_Design_PCB Member=Component U9 LM6171
Added Member To Class: ClassName=Receiver_Design_PCB Member=Component U10 LM6171
Added Member To Class: ClassName=Receiver_Design_PCB Member=Component U11 LM318N
Added Member To Class: ClassName=Receiver_Design_PCB Member=Component U12 LM78L12ACZ
Added Member To Class: ClassName=Receiver_Design_PCB Member=Component U13 LM386N-1
