Removed Pin From Net: NetName=+12V Pin=C2-1
Removed Pin From Net: NetName=GND Pin=C2-2
Removed Pin From Net: NetName=+12V Pin=C3-1
Removed Pin From Net: NetName=GND Pin=C3-2
Removed Pin From Net: NetName=+12V Pin=C5-1
Removed Pin From Net: NetName=GND Pin=C5-2
Removed Pin From Net: NetName=+12V Pin=C7-1
Removed Pin From Net: NetName=GND Pin=C7-2
Removed Pin From Net: NetName=-12V Pin=C15-1
Removed Pin From Net: NetName=GND Pin=C15-2
Removed Pin From Net: NetName=-12V Pin=C17-1
Removed Pin From Net: NetName=GND Pin=C17-2
Removed Pin From Net: NetName=-12V Pin=C18-1
Removed Pin From Net: NetName=GND Pin=C18-2
Removed Pin From Net: NetName=-12V Pin=C20-1
Removed Pin From Net: NetName=GND Pin=C20-2
Removed Pin From Net: NetName=GND Pin=C23-1
Removed Pin From Net: NetName=GND Pin=C24-1
Removed Pin From Net: NetName=GND Pin=C28-2
Removed Pin From Net: NetName=-12V Pin=C29-1
Removed Pin From Net: NetName=GND Pin=C29-2
Removed Pin From Net: NetName=+12V Pin=C30-1
Removed Pin From Net: NetName=GND Pin=C30-2
Removed Pin From Net: NetName=GND Pin=D1-2
Removed Pin From Net: NetName=+12V Pin=DS1-1
Removed Pin From Net: NetName=-12V Pin=DS2-2
Removed Pin From Net: NetName=GND Pin=P1-3
Removed Pin From Net: NetName=GND Pin=R1-3
Removed Pin From Net: NetName=GND Pin=R13-2
Removed Pin From Net: NetName=GND Pin=R20-3
Removed Pin From Net: NetName=GND Pin=U1-3
Removed Pin From Net: NetName=-12V Pin=U1-4
Removed Pin From Net: NetName=+12V Pin=U1-7
Removed Pin From Net: NetName=-12V Pin=U2-4
Removed Pin From Net: NetName=+12V Pin=U2-7
Removed Pin From Net: NetName=-12V Pin=U3-4
Removed Pin From Net: NetName=+12V Pin=U3-7
Removed Pin From Net: NetName=GND Pin=U4-3
Removed Pin From Net: NetName=-12V Pin=U4-4
Removed Pin From Net: NetName=+12V Pin=U4-7
Removed Pin From Net: NetName=+12V Pin=U5-1
Removed Pin From Net: NetName=GND Pin=U5-2
Removed Pin From Net: NetName=GND Pin=U6-2
Removed Pin From Net: NetName=GND Pin=U6-4
Removed Pin From Net: NetName=+12V Pin=U6-6
Removed Pin From Net: NetName=GND Pin=U7-1
Removed Pin From Net: NetName=-12V Pin=U7-3
Add Pin To Net: Unknown Pin: Pin C35-1
Add Pin To Net: Unknown Pin: Pin C35-2
Add Pin To Net: Unknown Pin: Pin C37-1
Add Pin To Net: Unknown Pin: Pin C37-2
Added Pin To Net: NetName=+12V Pin=C38-2
Add Pin To Net: Unknown Pin: Pin C39-1
Add Pin To Net: Unknown Pin: Pin C39-2
Add Pin To Net: Unknown Pin: Pin C40-1
Add Pin To Net: Unknown Pin: Pin C40-2
Added Pin To Net: NetName=+12V Pin=C41-2
Added Pin To Net: NetName=+12V Pin=C42-2
Add Pin To Net: Unknown Pin: Pin C43-1
Add Pin To Net: Unknown Pin: Pin C43-2
Add Pin To Net: Unknown Pin: Pin C44-1
Add Pin To Net: Unknown Pin: Pin C44-2
Add Pin To Net: Unknown Pin: Pin C45-1
Add Pin To Net: Unknown Pin: Pin C45-2
Add Pin To Net: Unknown Pin: Pin C46-1
Add Pin To Net: Unknown Pin: Pin C46-2
Add Pin To Net: Unknown Pin: Pin C47-1
Add Pin To Net: Unknown Pin: Pin C47-2
Add Pin To Net: Unknown Pin: Pin C48-1
Add Pin To Net: Unknown Pin: Pin C48-2
Added Pin To Net: NetName=-12V Pin=C49-1
Add Pin To Net: Unknown Pin: Pin C50-1
Add Pin To Net: Unknown Pin: Pin C50-2
Added Pin To Net: NetName=-12V Pin=C51-1
Added Pin To Net: NetName=-12V Pin=C52-1
Add Pin To Net: Unknown Pin: Pin C53-1
Add Pin To Net: Unknown Pin: Pin C53-2
Added Pin To Net: NetName=-12V Pin=C54-1
Add Pin To Net: Unknown Pin: Pin C55-1
Add Pin To Net: Unknown Pin: Pin C55-2
Add Pin To Net: Unknown Pin: Pin C56-1
Add Pin To Net: Unknown Pin: Pin C56-2
Add Pin To Net: Unknown Pin: Pin C57-2
Add Pin To Net: Unknown Pin: Pin C60-1
Add Pin To Net: Unknown Pin: Pin C60-2
Add Pin To Net: Unknown Pin: Pin C61-1
Add Pin To Net: Unknown Pin: Pin C61-2
Add Pin To Net: Unknown Pin: Pin C63-2
Add Pin To Net: Unknown Pin: Pin C64-1
Add Pin To Net: Unknown Pin: Pin C64-2
Add Pin To Net: Unknown Pin: Pin C65-2
Add Pin To Net: Unknown Pin: Pin C66-2
Added Pin To Net: NetName=-12V Pin=C68-1
Added Pin To Net: NetName=+12V Pin=DS3-1
Added Pin To Net: NetName=-12V Pin=DS4-2
Add Pin To Net: Unknown Pin: Pin R37-1
Add Pin To Net: Unknown Pin: Pin R37-2
Added Pin To Net: NetName=-12V Pin=U8-4
Added Pin To Net: NetName=+12V Pin=U8-7
Added Pin To Net: NetName=-12V Pin=U9-4
Added Pin To Net: NetName=+12V Pin=U9-7
Added Pin To Net: NetName=-12V Pin=U10-4
Added Pin To Net: NetName=+12V Pin=U10-7
Added Pin To Net: NetName=-12V Pin=U11-4
Added Pin To Net: NetName=+12V Pin=U11-7
Added Pin To Net: NetName=+12V Pin=U12-1
Added Pin To Net: NetName=+12V Pin=U13-6
Added Pin To Net: NetName=-12V Pin=U14-3
Added Pin To Net: NetName=NetC57_1 Pin=R34-1
Added Net: Name=NetC57_1
Added Net: Name=NetC63_1
Added Pin To Net: NetName=NetD5_1 Pin=D5-1
Added Pin To Net: NetName=NetD5_1 Pin=U12-3
Added Net: Name=NetD5_1
Add Class Member: Failed to add class member : Component C35 Capacitor
Add Class Member: Failed to add class member : Component C37 Capacitor
Add Class Member: Failed to add class member : Component C39 Capacitor
Add Class Member: Failed to add class member : Component C40 Capacitor
Add Class Member: Failed to add class member : Component C43 Capacitor
Add Class Member: Failed to add class member : Component C44 Capacitor
Add Class Member: Failed to add class member : Component C45 Capacitor
Add Class Member: Failed to add class member : Component C46 Capacitor
Add Class Member: Failed to add class member : Component C47 Capacitor
Add Class Member: Failed to add class member : Component C48 Capacitor
Add Class Member: Failed to add class member : Component C50 Capacitor
Add Class Member: Failed to add class member : Component C53 Capacitor
Add Class Member: Failed to add class member : Component C55 Capacitor
Add Class Member: Failed to add class member : Component C56 Capacitor
Add Class Member: Failed to add class member : Component C57 Capacitor
Add Class Member: Failed to add class member : Component C60 Capacitor
Add Class Member: Failed to add class member : Component C61 Capacitor
Add Class Member: Failed to add class member : Component C63 Capacitor
Add Class Member: Failed to add class member : Component C64 Capacitor
Add Class Member: Failed to add class member : Component C65 Capacitor
Add Class Member: Failed to add class member : Component C66 Capacitor
Add Class Member: Failed to add class member : Component R37 Resistor
