Removed Member From Class: ClassName=C2_Nets Member=+12V
Removed Member From Class: ClassName=C12_Nets Member=-12V
Removed Member From Class: ClassName=C15_Nets Member=-12V
Removed Member From Class: ClassName=C2_Nets Member=GND
Removed Member From Class: ClassName=C11_Nets Member=GND
Removed Member From Class: ClassName=C15_Nets Member=GND
Removed Member From Class: ClassName=C25_Nets Member=GND
Removed Member From Class: ClassName=D1_Nets Member=NetC1_1
Removed Member From Class: ClassName=R4_Nets Member=NetC1_1
Removed Member From Class: ClassName=U4_Nets Member=NetC1_1
Removed Member From Class: ClassName=R4_Nets Member=NetC1_2
Removed Member From Class: ClassName=TP3_Nets Member=NetC1_2
Removed Member From Class: ClassName=U4_Nets Member=NetC1_2
Removed Member From Class: ClassName=R10_Nets Member=NetC10_2
Removed Member From Class: ClassName=R12_Nets Member=NetC10_2
Removed Member From Class: ClassName=C11_Nets Member=NetC11_1
Removed Member From Class: ClassName=R9_Nets Member=NetC11_1
Removed Member From Class: ClassName=U3_Nets Member=NetC11_1
Removed Member From Class: ClassName=C13_Nets Member=NetC13_1
Removed Member From Class: ClassName=R10_Nets Member=NetC13_1
Removed Member From Class: ClassName=R11_Nets Member=NetC13_1
Removed Member From Class: ClassName=C13_Nets Member=NetC13_2
Removed Member From Class: ClassName=R2_Nets Member=NetC13_2
Removed Member From Class: ClassName=R8_Nets Member=NetC13_2
Removed Member From Class: ClassName=U2_Nets Member=NetC13_2
Removed Member From Class: ClassName=R8_Nets Member=NetC14_1
Removed Member From Class: ClassName=R9_Nets Member=NetC14_1
Removed Member From Class: ClassName=R3_Nets Member=NetC14_2
Removed Member From Class: ClassName=R6_Nets Member=NetC14_2
Removed Member From Class: ClassName=U3_Nets Member=NetC14_2
Removed Member From Class: ClassName=C22_Nets Member=NetC22_1
Removed Member From Class: ClassName=R11_Nets Member=NetC22_1
Removed Member From Class: ClassName=U2_Nets Member=NetC22_1
Removed Member From Class: ClassName=R13_Nets Member=NetC23_1
Removed Member From Class: ClassName=TP5_Nets Member=NetC23_1
Removed Member From Class: ClassName=U6_Nets Member=NetC24_1
Removed Member From Class: ClassName=C24_Nets Member=NetC24_2
Removed Member From Class: ClassName=R14_Nets Member=NetC24_2
Removed Member From Class: ClassName=D2_Nets Member=NetC25_2
Removed Member From Class: ClassName=U5_Nets Member=NetC25_2
Removed Member From Class: ClassName=C27_Nets Member=NetC27_2
Removed Member From Class: ClassName=U6_Nets Member=NetC27_2
Removed Member From Class: ClassName=C28_Nets Member=NetC28_1
Removed Member From Class: ClassName=R17_Nets Member=NetC28_1
Removed Member From Class: ClassName=R19_Nets Member=NetCP?_2
Change Component Designator: OldDesignator=C1 NewDesignator=C34
Change Component Designator: OldDesignator=C2 NewDesignator=C32
Change Component Designator: OldDesignator=C3 NewDesignator=C33
Change Component Designator: OldDesignator=C4 NewDesignator=C25
Change Component Designator: OldDesignator=C5 NewDesignator=C36
Change Component Designator: OldDesignator=C6 NewDesignator=C35
Change Component Designator: OldDesignator=C7 NewDesignator=C26
Change Component Designator: OldDesignator=C8 NewDesignator=C27
Change Component Designator: OldDesignator=C9 NewDesignator=C31
Change Component Designator: OldDesignator=C10 NewDesignator=C30
Change Component Designator: OldDesignator=C12 NewDesignator=C13
Change Component Designator: OldDesignator=C13 NewDesignator=C10
Change Component Designator: OldDesignator=C14 NewDesignator=C3
Change Component Designator: OldDesignator=C15 NewDesignator=C18
Change Component Designator: OldDesignator=C16 NewDesignator=C28
Change Component Designator: OldDesignator=C17 NewDesignator=C2
Change Component Designator: OldDesignator=C18 NewDesignator=C29
Change Component Designator: OldDesignator=C19 NewDesignator=C24
Change Component Designator: OldDesignator=C20 NewDesignator=C22
Change Component Designator: OldDesignator=C21 NewDesignator=C6
Change Component Designator: OldDesignator=C22 NewDesignator=C23
Change Component Designator: OldDesignator=C23 NewDesignator=C21
Change Component Designator: OldDesignator=C24 NewDesignator=C7
Change Component Designator: OldDesignator=C25 NewDesignator=C17
Change Component Designator: OldDesignator=C26 NewDesignator=C4
Change Component Designator: OldDesignator=C27 NewDesignator=C14
Change Component Designator: OldDesignator=C28 NewDesignator=C16
Change Component Designator: OldDesignator=C29 NewDesignator=C5
Change Component Designator: OldDesignator=C30 NewDesignator=C20
Change Component Designator: OldDesignator=C31 NewDesignator=C8
Change Component Designator: OldDesignator=C32 NewDesignator=C12
Change Component Designator: OldDesignator=C33 NewDesignator=C19
Change Component Designator: OldDesignator=C34 NewDesignator=C9
Change Component Designator: OldDesignator=C35 NewDesignator=C15
Change Component Designator: OldDesignator=C?1 NewDesignator=C1
Change Component Designator: OldDesignator=CP?1 NewDesignator=CP1
Change Component Designator: OldDesignator=D1 NewDesignator=D3
Change Component Designator: OldDesignator=D2 NewDesignator=D5
Change Component Designator: OldDesignator=D3 NewDesignator=D7
Change Component Designator: OldDesignator=D4 NewDesignator=D2
Change Component Designator: OldDesignator=D5 NewDesignator=D6
Change Component Designator: OldDesignator=D6 NewDesignator=D4
Change Component Designator: OldDesignator=D7 NewDesignator=D1
Change Component Designator: OldDesignator=GND1 NewDesignator=GND3
Change Component Designator: OldDesignator=GND3 NewDesignator=GND1
Change Component Designator: OldDesignator=P1 NewDesignator=P2
Change Component Designator: OldDesignator=P2 NewDesignator=P1
Change Component Designator: OldDesignator=R1 NewDesignator=R20
Change Component Designator: OldDesignator=R2 NewDesignator=R15
Change Component Designator: OldDesignator=R3 NewDesignator=R14
Change Component Designator: OldDesignator=R4 NewDesignator=R21
Change Component Designator: OldDesignator=R5 NewDesignator=R16
Change Component Designator: OldDesignator=R6 NewDesignator=R12
Change Component Designator: OldDesignator=R7 NewDesignator=R19
Change Component Designator: OldDesignator=R8 NewDesignator=R4
Change Component Designator: OldDesignator=R9 NewDesignator=R18
Change Component Designator: OldDesignator=R10 NewDesignator=R7
Change Component Designator: OldDesignator=R12 NewDesignator=R10
Change Component Designator: OldDesignator=R13 NewDesignator=R17
Change Component Designator: OldDesignator=R14 NewDesignator=R13
Change Component Designator: OldDesignator=R15 NewDesignator=R2
Change Component Designator: OldDesignator=R16 NewDesignator=R6
Change Component Designator: OldDesignator=R17 NewDesignator=R1
Change Component Designator: OldDesignator=R18 NewDesignator=R5
Change Component Designator: OldDesignator=R19 NewDesignator=R8
Change Component Designator: OldDesignator=R20 NewDesignator=R9
Change Component Designator: OldDesignator=R21 NewDesignator=R3
Change Component Designator: OldDesignator=TP1 NewDesignator=TP3
Change Component Designator: OldDesignator=TP2 NewDesignator=TP6
Change Component Designator: OldDesignator=TP3 NewDesignator=TP5
Change Component Designator: OldDesignator=TP5 NewDesignator=TP1
Change Component Designator: OldDesignator=TP6 NewDesignator=TP2
Change Component Designator: OldDesignator=U1 NewDesignator=U7
Change Component Designator: OldDesignator=U2 NewDesignator=U5
Change Component Designator: OldDesignator=U3 NewDesignator=U6
Change Component Designator: OldDesignator=U5 NewDesignator=U2
Change Component Designator: OldDesignator=U6 NewDesignator=U1
Change Component Designator: OldDesignator=U7 NewDesignator=U3
Change Net Name : Old Net Name=NetC1_1 New Net Name=NetC2_1
Change Net Name : Old Net Name=NetC1_2 New Net Name=NetC2_2
Change Net Name : Old Net Name=NetC10_2 New Net Name=NetC11_2
Change Net Name : Old Net Name=NetC11_1 New Net Name=NetC12_1
Change Net Name : Old Net Name=NetC13_1 New Net Name=NetC14_1
Change Net Name : Old Net Name=NetC13_2 New Net Name=NetC14_2
Change Net Name : Old Net Name=NetC14_1 New Net Name=NetC15_1
Change Net Name : Old Net Name=NetC14_2 New Net Name=NetC15_2
Change Net Name : Old Net Name=NetC22_1 New Net Name=NetC23_1
Change Net Name : Old Net Name=NetC23_1 New Net Name=NetC24_1
Change Net Name : Old Net Name=NetC24_1 New Net Name=NetC25_1
Change Net Name : Old Net Name=NetC24_2 New Net Name=NetC25_2
Change Net Name : Old Net Name=NetC25_2 New Net Name=NetC26_2
Change Net Name : Old Net Name=NetC27_2 New Net Name=NetC28_2
Change Net Name : Old Net Name=NetC28_1 New Net Name=NetC29_1
Change Net Name : Old Net Name=NetCP?_2 New Net Name=NetCP1_2
Change Class Name : Old Net Name=C26_Nets New Net Name=C10_Nets
Change Class Name : Old Net Name=TP2_Nets New Net Name=TP4_Nets
Added Class: Name=C26_Nets
Added Class: Name=C29_Nets
Added Class: Name=CP1_Nets
Added Class: Name=TP2_Nets
Added Member To Class: ClassName=Receiver_Design_PCB Member=Component C1 C320C104K5R5TA
Added Member To Class: ClassName=Receiver_Design_PCB Member=Component C3 2.2u
Added Member To Class: ClassName=Receiver_Design_PCB Member=Component C10 0.1n
Added Member To Class: ClassName=Receiver_Design_PCB Member=Component C11 22n
Added Member To Class: ClassName=Receiver_Design_PCB Member=Component C13 0.1n
Added Member To Class: ClassName=Receiver_Design_PCB Member=Component C18 2.2u
Added Member To Class: ClassName=Receiver_Design_PCB Member=Component C25 10u
Added Member To Class: ClassName=Receiver_Design_PCB Member=Component C26 0.33u
Added Member To Class: ClassName=Receiver_Design_PCB Member=Component C27 0.1u
Added Member To Class: ClassName=Receiver_Design_PCB Member=Component C28 10u
Added Member To Class: ClassName=Receiver_Design_PCB Member=Component C29 1n
Added Member To Class: ClassName=Receiver_Design_PCB Member=Component C30 2.2u
Added Member To Class: ClassName=Receiver_Design_PCB Member=Component C31 0.1n
Added Member To Class: ClassName=Receiver_Design_PCB Member=Component C33 100uF
Added Member To Class: ClassName=Receiver_Design_PCB Member=Component C35 0.33u
Added Member To Class: ClassName=Receiver_Design_PCB Member=Component C36 0.1u
Added Member To Class: ClassName=Receiver_Design_PCB Member=Component D3 RED
Added Member To Class: ClassName=Receiver_Design_PCB Member=Component D4 GREEN
Added Member To Class: ClassName=Receiver_Design_PCB Member=Component D6 GREEN
Added Member To Class: ClassName=Receiver_Design_PCB Member=Component D7 1N4007
Added Member To Class: ClassName=Receiver_Design_PCB Member=Component GND3
Added Member To Class: ClassName=Receiver_Design_PCB Member=Component P2 22-23-2021
Added Member To Class: ClassName=Receiver_Design_PCB Member=Component R4 3k3
Added Member To Class: ClassName=Receiver_Design_PCB Member=Component R7 2.2k
Added Member To Class: ClassName=Receiver_Design_PCB Member=Component R10 270
Added Member To Class: ClassName=Receiver_Design_PCB Member=Component R12 4k7
Added Member To Class: ClassName=Receiver_Design_PCB Member=Component R14 1k2
Added Member To Class: ClassName=Receiver_Design_PCB Member=Component R15 2k2
Added Member To Class: ClassName=Receiver_Design_PCB Member=Component R16 33K
Added Member To Class: ClassName=Receiver_Design_PCB Member=Component R17 1k5
Added Member To Class: ClassName=Receiver_Design_PCB Member=Component R18 3362P-1-103LF
Added Member To Class: ClassName=Receiver_Design_PCB Member=Component R19 10
Added Member To Class: ClassName=Receiver_Design_PCB Member=Component R20 2k2
Added Member To Class: ClassName=Receiver_Design_PCB Member=Component R21 33K
Added Member To Class: ClassName=Receiver_Design_PCB Member=Component TP5 5000
Added Member To Class: ClassName=Receiver_Design_PCB Member=Component TP6 5000
Added Member To Class: ClassName=Receiver_Design_PCB Member=Component U5 LM78L12ACZ
Added Member To Class: ClassName=Receiver_Design_PCB Member=Component U6 LM386N-1
Added Member To Class: ClassName=Receiver_Design_PCB Member=Component U7 LM79L12
Added Member To Class: ClassName=C27_Nets Member=Wire +12V
Added Member To Class: ClassName=C13_Nets Member=Wire -12V
Added Member To Class: ClassName=C22_Nets Member=Wire -12V
Added Member To Class: ClassName=C13_Nets Member=Wire GND
Added Member To Class: ClassName=C24_Nets Member=Wire GND
Added Member To Class: ClassName=C2_Nets Member=Wire NetC2_1
Added Member To Class: ClassName=D1_Nets Member=Wire NetC2_1
Added Member To Class: ClassName=R4_Nets Member=Wire NetC2_1
Added Member To Class: ClassName=U4_Nets Member=Wire NetC2_1
Added Member To Class: ClassName=C2_Nets Member=Wire NetC2_2
Added Member To Class: ClassName=C11_Nets Member=Wire NetC2_2
Added Member To Class: ClassName=R4_Nets Member=Wire NetC2_2
Added Member To Class: ClassName=TP3_Nets Member=Wire NetC2_2
Added Member To Class: ClassName=U4_Nets Member=Wire NetC2_2
Added Member To Class: ClassName=C11_Nets Member=Wire NetC11_2
Added Member To Class: ClassName=R10_Nets Member=Wire NetC11_2
Added Member To Class: ClassName=R12_Nets Member=Wire NetC11_2
Added Member To Class: ClassName=C12_Nets Member=Wire NetC12_1
Added Member To Class: ClassName=R9_Nets Member=Wire NetC12_1
Added Member To Class: ClassName=U3_Nets Member=Wire NetC12_1
Added Member To Class: ClassName=R10_Nets Member=Wire NetC14_1
Added Member To Class: ClassName=R11_Nets Member=Wire NetC14_1
Added Member To Class: ClassName=R2_Nets Member=Wire NetC14_2
Added Member To Class: ClassName=R8_Nets Member=Wire NetC14_2
Added Member To Class: ClassName=U2_Nets Member=Wire NetC14_2
Added Member To Class: ClassName=C15_Nets Member=Wire NetC15_1
Added Member To Class: ClassName=R8_Nets Member=Wire NetC15_1
Added Member To Class: ClassName=R9_Nets Member=Wire NetC15_1
Added Member To Class: ClassName=C15_Nets Member=Wire NetC15_2
Added Member To Class: ClassName=R3_Nets Member=Wire NetC15_2
Added Member To Class: ClassName=R6_Nets Member=Wire NetC15_2
Added Member To Class: ClassName=U3_Nets Member=Wire NetC15_2
Added Member To Class: ClassName=R11_Nets Member=Wire NetC23_1
Added Member To Class: ClassName=U2_Nets Member=Wire NetC23_1
Added Member To Class: ClassName=R13_Nets Member=Wire NetC24_1
Added Member To Class: ClassName=TP5_Nets Member=Wire NetC24_1
Added Member To Class: ClassName=C25_Nets Member=Wire NetC25_1
Added Member To Class: ClassName=U6_Nets Member=Wire NetC25_1
Added Member To Class: ClassName=R14_Nets Member=Wire NetC25_2
Added Member To Class: ClassName=D2_Nets Member=Wire NetC26_2
Added Member To Class: ClassName=U5_Nets Member=Wire NetC26_2
Added Member To Class: ClassName=C28_Nets Member=Wire NetC28_2
Added Member To Class: ClassName=U6_Nets Member=Wire NetC28_2
Added Member To Class: ClassName=R17_Nets Member=Wire NetC29_1
Added Member To Class: ClassName=R19_Nets Member=Wire NetCP1_2
